500
0
1
eji-a 10
1
2
a-b 6
ejj-b 4
2
1
b-c 10
3
2
c-d 7
ejj-d 2
4
1
d-e 10
5
2
e-f 6
ejj-f 4
6
1
f-g 10
7
2
g-h 3
ejj-h 6
8
1
h-i 10
9
2
i-j 9
ejj-j 0
10
1
j-ba 10
11
2
ba-bb 6
ejj-bb 3
12
1
bb-bc 10
13
2
bc-bd 5
ejj-bd 4
14
1
bd-be 10
15
2
be-bf 7
ejj-bf 2
16
1
bf-bg 10
17
2
bg-bh 8
ejj-bh 1
18
1
bh-bi 10
19
2
bi-bj 6
ejj-bj 3
20
1
bj-ca 10
21
2
ca-cb 5
ejj-cb 4
22
1
cb-cc 10
23
2
cc-cd 4
ejj-cd 5
24
1
cd-ce 10
25
2
ce-cf 4
ejj-cf 6
26
1
cf-cg 10
27
2
cg-ch 6
ejj-ch 4
28
1
ch-ci 10
29
2
ci-cj 5
ejj-cj 4
30
1
cj-da 10
31
2
da-db 6
ejj-db 3
32
1
db-dc 10
33
2
dc-dd 8
ejj-dd 1
34
1
dd-de 10
35
2
de-df 7
ejj-df 2
36
1
df-dg 10
37
2
dg-dh 6
ejj-dh 4
38
1
dh-di 10
39
2
di-dj 5
ejj-dj 4
40
1
dj-ea 10
41
2
ea-eb 9
ejj-eb 0
42
1
eb-ec 10
43
2
ec-ed 9
ejj-ed 0
44
1
ed-ee 10
45
2
ee-ef 8
ejj-ef 1
46
1
ef-eg 10
47
2
eg-eh 2
ejj-eh 7
48
1
eh-ei 10
49
2
ei-ej 6
ejj-ej 3
50
1
ej-fa 10
51
2
fa-fb 9
ejj-fb 0
52
1
fb-fc 10
53
2
fc-fd 10
54
1
fd-fe 10
55
2
fe-ff 5
ejj-ff 5
56
1
ff-fg 10
57
2
fg-fh 5
ejj-fh 5
58
1
fh-fi 10
59
2
fi-fj 6
ejj-fj 3
60
1
fj-ga 10
61
2
ga-gb 3
ejj-gb 6
62
1
gb-gc 10
63
2
gc-gd 6
ejj-gd 4
64
1
gd-ge 10
65
2
ge-gf 9
ejj-gf 0
66
1
gf-gg 10
67
2
gg-gh 7
ejj-gh 3
68
1
gh-gi 10
69
2
gi-gj 7
ejj-gj 2
70
1
gj-ha 10
71
2
ha-hb 7
ejj-hb 2
72
1
hb-hc 10
73
2
hc-hd 7
ejj-hd 2
74
1
hd-he 10
75
2
he-hf 7
ejj-hf 2
76
1
hf-hg 10
77
2
hg-hh 6
ejj-hh 4
78
1
hh-hi 10
79
2
hi-hj 5
ejj-hj 5
80
1
hj-ia 10
81
2
ia-ib 7
ejj-ib 2
82
1
ib-ic 10
83
2
ic-id 5
ejj-id 4
84
1
id-ie 10
85
2
ie-if 7
ejj-if 3
86
1
if-ig 10
87
2
ig-ih 6
ejj-ih 3
88
1
ih-ii 10
89
2
ii-ij 2
ejj-ij 7
90
1
ij-ja 10
91
2
ja-jb 7
ejj-jb 2
92
1
jb-jc 10
93
2
jc-jd 8
ejj-jd 1
94
1
jd-je 10
95
2
je-jf 7
ejj-jf 2
96
1
jf-jg 10
97
2
jg-jh 5
ejj-jh 4
98
1
jh-ji 10
99
2
ji-jj 9
ejj-jj 0
100
1
jj-baa 10
101
2
baa-bab 8
ejj-bab 2
102
1
bab-bac 10
103
2
bac-bad 7
ejj-bad 2
104
1
bad-bae 10
105
2
bae-baf 6
ejj-baf 3
106
1
baf-bag 10
107
2
bag-bah 5
ejj-bah 4
108
1
bah-bai 10
109
2
bai-baj 6
ejj-baj 3
110
1
baj-bba 10
111
2
bba-bbb 6
ejj-bbb 3
112
1
bbb-bbc 10
113
2
bbc-bbd 8
ejj-bbd 1
114
1
bbd-bbe 10
115
2
bbe-bbf 7
ejj-bbf 2
116
1
bbf-bbg 10
117
2
bbg-bbh 3
ejj-bbh 6
118
1
bbh-bbi 10
119
2
bbi-bbj 6
ejj-bbj 4
120
1
bbj-bca 10
121
2
bca-bcb 4
ejj-bcb 6
122
1
bcb-bcc 10
123
2
bcc-bcd 2
ejj-bcd 7
124
1
bcd-bce 10
125
2
bce-bcf 8
ejj-bcf 2
126
1
bcf-bcg 10
127
2
bcg-bch 6
ejj-bch 3
128
1
bch-bci 10
129
2
bci-bcj 3
ejj-bcj 6
130
1
bcj-bda 10
131
2
bda-bdb 5
ejj-bdb 4
132
1
bdb-bdc 10
133
2
bdc-bdd 6
ejj-bdd 3
134
1
bdd-bde 10
135
2
bde-bdf 7
ejj-bdf 2
136
1
bdf-bdg 10
137
2
bdg-bdh 8
ejj-bdh 2
138
1
bdh-bdi 10
139
2
bdi-bdj 7
ejj-bdj 3
140
1
bdj-bea 10
141
2
bea-beb 6
ejj-beb 3
142
1
beb-bec 10
143
2
bec-bed 5
ejj-bed 5
144
1
bed-bee 10
145
2
bee-bef 5
ejj-bef 4
146
1
bef-beg 10
147
2
beg-beh 8
ejj-beh 2
148
1
beh-bei 10
149
2
bei-bej 5
ejj-bej 4
150
1
bej-bfa 10
151
2
bfa-bfb 7
ejj-bfb 2
152
1
bfb-bfc 10
153
2
bfc-bfd 6
ejj-bfd 3
154
1
bfd-bfe 10
155
2
bfe-bff 6
ejj-bff 3
156
1
bff-bfg 10
157
2
bfg-bfh 6
ejj-bfh 4
158
1
bfh-bfi 10
159
2
bfi-bfj 7
ejj-bfj 2
160
1
bfj-bga 10
161
2
bga-bgb 10
162
1
bgb-bgc 10
163
2
bgc-bgd 6
ejj-bgd 3
164
1
bgd-bge 10
165
2
bge-bgf 4
ejj-bgf 5
166
1
bgf-bgg 10
167
2
bgg-bgh 5
ejj-bgh 4
168
1
bgh-bgi 10
169
2
bgi-bgj 8
ejj-bgj 1
170
1
bgj-bha 10
171
2
bha-bhb 8
ejj-bhb 1
172
1
bhb-bhc 10
173
2
bhc-bhd 9
ejj-bhd 0
174
1
bhd-bhe 10
175
2
bhe-bhf 5
ejj-bhf 4
176
1
bhf-bhg 10
177
2
bhg-bhh 2
ejj-bhh 7
178
1
bhh-bhi 10
179
2
bhi-bhj 8
ejj-bhj 1
180
1
bhj-bia 10
181
2
bia-bib 6
ejj-bib 3
182
1
bib-bic 10
183
2
bic-bid 6
ejj-bid 4
184
1
bid-bie 10
185
2
bie-bif 5
ejj-bif 4
186
1
bif-big 10
187
2
big-bih 7
ejj-bih 3
188
1
bih-bii 10
189
2
bii-bij 5
ejj-bij 5
190
1
bij-bja 10
191
2
bja-bjb 8
ejj-bjb 2
192
1
bjb-bjc 10
193
2
bjc-bjd 6
ejj-bjd 3
194
1
bjd-bje 10
195
2
bje-bjf 9
ejj-bjf 0
196
1
bjf-bjg 10
197
2
bjg-bjh 8
ejj-bjh 2
198
1
bjh-bji 10
199
2
bji-bjj 8
ejj-bjj 1
200
1
bjj-caa 10
201
2
caa-cab 8
ejj-cab 2
202
1
cab-cac 10
203
2
cac-cad 5
ejj-cad 4
204
1
cad-cae 10
205
2
cae-caf 6
ejj-caf 3
206
1
caf-cag 10
207
2
cag-cah 10
208
1
cah-cai 10
209
2
cai-caj 6
ejj-caj 4
210
1
caj-cba 10
211
2
cba-cbb 6
ejj-cbb 3
212
1
cbb-cbc 10
213
2
cbc-cbd 7
ejj-cbd 2
214
1
cbd-cbe 10
215
2
cbe-cbf 6
ejj-cbf 4
216
1
cbf-cbg 10
217
2
cbg-cbh 4
ejj-cbh 5
218
1
cbh-cbi 10
219
2
cbi-cbj 7
ejj-cbj 2
220
1
cbj-cca 10
221
2
cca-ccb 7
ejj-ccb 2
222
1
ccb-ccc 10
223
2
ccc-ccd 7
ejj-ccd 2
224
1
ccd-cce 10
225
2
cce-ccf 6
ejj-ccf 3
226
1
ccf-ccg 10
227
2
ccg-cch 8
ejj-cch 2
228
1
cch-cci 10
229
2
cci-ccj 5
ejj-ccj 4
230
1
ccj-cda 10
231
2
cda-cdb 5
ejj-cdb 4
232
1
cdb-cdc 10
233
2
cdc-cdd 6
ejj-cdd 3
234
1
cdd-cde 10
235
2
cde-cdf 8
ejj-cdf 2
236
1
cdf-cdg 10
237
2
cdg-cdh 8
ejj-cdh 2
238
1
cdh-cdi 10
239
2
cdi-cdj 4
ejj-cdj 5
240
1
cdj-cea 10
241
2
cea-ceb 7
ejj-ceb 2
242
1
ceb-cec 10
243
2
cec-ced 7
ejj-ced 2
244
1
ced-cee 10
245
2
cee-cef 5
ejj-cef 4
246
1
cef-ceg 10
247
2
ceg-ceh 8
ejj-ceh 1
248
1
ceh-cei 10
249
2
cei-cej 10
250
1
cej-cfa 10
251
2
cfa-cfb 6
ejj-cfb 3
252
1
cfb-cfc 10
253
2
cfc-cfd 4
ejj-cfd 6
254
1
cfd-cfe 10
255
2
cfe-cff 5
ejj-cff 5
256
1
cff-cfg 10
257
2
cfg-cfh 7
ejj-cfh 2
258
1
cfh-cfi 10
259
2
cfi-cfj 6
ejj-cfj 4
260
1
cfj-cga 10
261
2
cga-cgb 8
ejj-cgb 1
262
1
cgb-cgc 10
263
2
cgc-cgd 3
ejj-cgd 6
264
1
cgd-cge 10
265
2
cge-cgf 8
ejj-cgf 1
266
1
cgf-cgg 10
267
2
cgg-cgh 8
ejj-cgh 1
268
1
cgh-cgi 10
269
2
cgi-cgj 10
270
1
cgj-cha 10
271
2
cha-chb 4
ejj-chb 5
272
1
chb-chc 10
273
2
chc-chd 5
ejj-chd 5
274
1
chd-che 10
275
2
che-chf 6
ejj-chf 3
276
1
chf-chg 10
277
2
chg-chh 9
ejj-chh 1
278
1
chh-chi 10
279
2
chi-chj 5
ejj-chj 4
280
1
chj-cia 10
281
2
cia-cib 8
ejj-cib 1
282
1
cib-cic 10
283
2
cic-cid 9
ejj-cid 0
284
1
cid-cie 10
285
2
cie-cif 8
ejj-cif 2
286
1
cif-cig 10
287
2
cig-cih 6
ejj-cih 3
288
1
cih-cii 10
289
2
cii-cij 10
290
1
cij-cja 10
291
2
cja-cjb 7
ejj-cjb 2
292
1
cjb-cjc 10
293
2
cjc-cjd 7
ejj-cjd 3
294
1
cjd-cje 10
295
2
cje-cjf 4
ejj-cjf 6
296
1
cjf-cjg 10
297
2
cjg-cjh 6
ejj-cjh 3
298
1
cjh-cji 10
299
2
cji-cjj 5
ejj-cjj 4
300
1
cjj-daa 10
301
2
daa-dab 10
302
1
dab-dac 10
303
2
dac-dad 6
ejj-dad 3
304
1
dad-dae 10
305
2
dae-daf 8
ejj-daf 2
306
1
daf-dag 10
307
2
dag-dah 5
ejj-dah 5
308
1
dah-dai 10
309
2
dai-daj 7
ejj-daj 2
310
1
daj-dba 10
311
2
dba-dbb 5
ejj-dbb 5
312
1
dbb-dbc 10
313
2
dbc-dbd 7
ejj-dbd 2
314
1
dbd-dbe 10
315
2
dbe-dbf 8
ejj-dbf 2
316
1
dbf-dbg 10
317
2
dbg-dbh 7
ejj-dbh 2
318
1
dbh-dbi 10
319
2
dbi-dbj 8
ejj-dbj 1
320
1
dbj-dca 10
321
2
dca-dcb 6
ejj-dcb 3
322
1
dcb-dcc 10
323
2
dcc-dcd 9
ejj-dcd 0
324
1
dcd-dce 10
325
2
dce-dcf 8
ejj-dcf 1
326
1
dcf-dcg 10
327
2
dcg-dch 5
ejj-dch 4
328
1
dch-dci 10
329
2
dci-dcj 6
ejj-dcj 3
330
1
dcj-dda 10
331
2
dda-ddb 6
ejj-ddb 3
332
1
ddb-ddc 10
333
2
ddc-ddd 9
ejj-ddd 1
334
1
ddd-dde 10
335
2
dde-ddf 6
ejj-ddf 3
336
1
ddf-ddg 10
337
2
ddg-ddh 10
338
1
ddh-ddi 10
339
2
ddi-ddj 6
ejj-ddj 3
340
1
ddj-dea 10
341
2
dea-deb 4
ejj-deb 5
342
1
deb-dec 10
343
2
dec-ded 4
ejj-ded 5
344
1
ded-dee 10
345
2
dee-def 7
ejj-def 2
346
1
def-deg 10
347
2
deg-deh 8
ejj-deh 1
348
1
deh-dei 10
349
2
dei-dej 8
ejj-dej 2
350
1
dej-dfa 10
351
2
dfa-dfb 10
352
1
dfb-dfc 10
353
2
dfc-dfd 10
354
1
dfd-dfe 10
355
2
dfe-dff 7
ejj-dff 2
356
1
dff-dfg 10
357
2
dfg-dfh 5
ejj-dfh 4
358
1
dfh-dfi 10
359
2
dfi-dfj 5
ejj-dfj 4
360
1
dfj-dga 10
361
2
dga-dgb 6
ejj-dgb 3
362
1
dgb-dgc 10
363
2
dgc-dgd 6
ejj-dgd 3
364
1
dgd-dge 10
365
2
dge-dgf 6
ejj-dgf 3
366
1
dgf-dgg 10
367
2
dgg-dgh 8
ejj-dgh 1
368
1
dgh-dgi 10
369
2
dgi-dgj 6
ejj-dgj 3
370
1
dgj-dha 10
371
2
dha-dhb 8
ejj-dhb 2
372
1
dhb-dhc 10
373
2
dhc-dhd 6
ejj-dhd 3
374
1
dhd-dhe 10
375
2
dhe-dhf 6
ejj-dhf 3
376
1
dhf-dhg 10
377
2
dhg-dhh 7
ejj-dhh 2
378
1
dhh-dhi 10
379
2
dhi-dhj 9
ejj-dhj 1
380
1
dhj-dia 10
381
2
dia-dib 8
ejj-dib 1
382
1
dib-dic 10
383
2
dic-did 5
ejj-did 5
384
1
did-die 10
385
2
die-dif 8
ejj-dif 1
386
1
dif-dig 10
387
2
dig-dih 6
ejj-dih 3
388
1
dih-dii 10
389
2
dii-dij 8
ejj-dij 2
390
1
dij-dja 10
391
2
dja-djb 6
ejj-djb 3
392
1
djb-djc 10
393
2
djc-djd 8
ejj-djd 1
394
1
djd-dje 10
395
2
dje-djf 10
396
1
djf-djg 10
397
2
djg-djh 5
ejj-djh 5
398
1
djh-dji 10
399
2
dji-djj 7
ejj-djj 2
400
1
djj-eaa 10
401
2
eaa-eab 8
ejj-eab 1
402
1
eab-eac 10
403
2
eac-ead 7
ejj-ead 2
404
1
ead-eae 10
405
2
eae-eaf 5
ejj-eaf 5
406
1
eaf-eag 10
407
2
eag-eah 8
ejj-eah 1
408
1
eah-eai 10
409
2
eai-eaj 5
ejj-eaj 5
410
1
eaj-eba 10
411
2
eba-ebb 8
ejj-ebb 1
412
1
ebb-ebc 10
413
2
ebc-ebd 7
ejj-ebd 2
414
1
ebd-ebe 10
415
2
ebe-ebf 7
ejj-ebf 2
416
1
ebf-ebg 10
417
2
ebg-ebh 6
ejj-ebh 3
418
1
ebh-ebi 10
419
2
ebi-ebj 7
ejj-ebj 2
420
1
ebj-eca 10
421
2
eca-ecb 7
ejj-ecb 2
422
1
ecb-ecc 10
423
2
ecc-ecd 7
ejj-ecd 3
424
1
ecd-ece 10
425
2
ece-ecf 7
ejj-ecf 2
426
1
ecf-ecg 10
427
2
ecg-ech 7
ejj-ech 2
428
1
ech-eci 10
429
2
eci-ecj 7
ejj-ecj 2
430
1
ecj-eda 10
431
2
eda-edb 4
ejj-edb 6
432
1
edb-edc 10
433
2
edc-edd 7
ejj-edd 2
434
1
edd-ede 10
435
2
ede-edf 8
ejj-edf 1
436
1
edf-edg 10
437
2
edg-edh 6
ejj-edh 3
438
1
edh-edi 10
439
2
edi-edj 6
ejj-edj 3
440
1
edj-eea 10
441
2
eea-eeb 5
ejj-eeb 5
442
1
eeb-eec 10
443
2
eec-eed 7
ejj-eed 2
444
1
eed-eee 10
445
2
eee-eef 7
ejj-eef 3
446
1
eef-eeg 10
447
2
eeg-eeh 5
ejj-eeh 4
448
1
eeh-eei 10
449
2
eei-eej 10
450
1
eej-efa 10
451
2
efa-efb 7
ejj-efb 2
452
1
efb-efc 10
453
2
efc-efd 4
ejj-efd 5
454
1
efd-efe 10
455
2
efe-eff 5
ejj-eff 4
456
1
eff-efg 10
457
2
efg-efh 6
ejj-efh 3
458
1
efh-efi 10
459
2
efi-efj 7
ejj-efj 3
460
1
efj-ega 10
461
2
ega-egb 7
ejj-egb 2
462
1
egb-egc 10
463
2
egc-egd 8
ejj-egd 1
464
1
egd-ege 10
465
2
ege-egf 5
ejj-egf 5
466
1
egf-egg 10
467
2
egg-egh 2
ejj-egh 7
468
1
egh-egi 10
469
2
egi-egj 8
ejj-egj 1
470
1
egj-eha 10
471
2
eha-ehb 5
ejj-ehb 4
472
1
ehb-ehc 10
473
2
ehc-ehd 8
ejj-ehd 2
474
1
ehd-ehe 10
475
2
ehe-ehf 7
ejj-ehf 3
476
1
ehf-ehg 10
477
2
ehg-ehh 7
ejj-ehh 2
478
1
ehh-ehi 10
479
2
ehi-ehj 5
ejj-ehj 4
480
1
ehj-eia 10
481
2
eia-eib 7
ejj-eib 2
482
1
eib-eic 10
483
2
eic-eid 7
ejj-eid 2
484
1
eid-eie 10
485
2
eie-eif 8
ejj-eif 2
486
1
eif-eig 10
487
2
eig-eih 10
488
1
eih-eii 10
489
2
eii-eij 4
ejj-eij 5
490
1
eij-eja 10
491
2
eja-ejb 5
ejj-ejb 4
492
1
ejb-ejc 10
493
2
ejc-ejd 5
ejj-ejd 4
494
1
ejd-eje 10
495
2
eje-ejf 7
ejj-ejf 2
496
1
ejf-ejg 10
497
2
ejg-ejh 7
ejj-ejh 2
498
1
ejh-eji 10
499
250
a-ejj 0
e-ejj 0
g-ejj 0
i-ejj 0
ba-ejj 0
bc-ejj 0
be-ejj 0
bi-ejj 0
ca-ejj 0
cc-ejj 0
ce-ejj 0
cg-ejj 0
ci-ejj 0
dc-ejj 0
de-ejj 0
dg-ejj 0
di-ejj 0
ec-ejj 0
ee-ejj 0
eg-ejj 0
fa-ejj 0
fc-ejj 0
fe-ejj 0
fg-ejj 0
fi-ejj 0
ga-ejj 0
gc-ejj 0
ge-ejj 0
gg-ejj 0
gi-ejj 0
ha-ejj 0
hc-ejj 0
he-ejj 0
hg-ejj 0
hi-ejj 0
ia-ejj 0
ic-ejj 0
ie-ejj 0
ig-ejj 0
ja-ejj 0
jc-ejj 0
je-ejj 0
jg-ejj 0
ji-ejj 0
baa-ejj 0
bac-ejj 0
bae-ejj 0
bag-ejj 0
bai-ejj 0
bba-ejj 0
bbc-ejj 0
bbe-ejj 0
bbg-ejj 0
bcc-ejj 0
bcg-ejj 0
bci-ejj 0
bda-ejj 0
bdc-ejj 0
bde-ejj 0
bdg-ejj 0
bdi-ejj 0
bea-ejj 0
bec-ejj 0
bee-ejj 0
beg-ejj 0
bei-ejj 0
bfa-ejj 0
bfc-ejj 0
bfe-ejj 0
bfg-ejj 0
bfi-ejj 0
bga-ejj 0
bgc-ejj 0
bge-ejj 0
bgg-ejj 0
bgi-ejj 0
bha-ejj 0
bhc-ejj 0
bhe-ejj 0
bhg-ejj 0
bhi-ejj 0
bia-ejj 0
bic-ejj 0
bie-ejj 0
big-ejj 0
bii-ejj 0
bja-ejj 0
bjc-ejj 0
bje-ejj 0
bjg-ejj 0
caa-ejj 0
cac-ejj 0
cae-ejj 0
cbc-ejj 0
cbe-ejj 0
cbg-ejj 0
cca-ejj 0
ccc-ejj 0
ccg-ejj 0
cci-ejj 0
cda-ejj 0
cdc-ejj 0
cde-ejj 0
cdg-ejj 0
cdi-ejj 0
cea-ejj 0
cec-ejj 0
cee-ejj 0
ceg-ejj 0
cei-ejj 0
cfa-ejj 0
cfc-ejj 0
cfg-ejj 0
cfi-ejj 0
cgc-ejj 0
cge-ejj 0
cgg-ejj 0
cgi-ejj 0
cha-ejj 0
chc-ejj 0
che-ejj 0
chg-ejj 0
cia-ejj 0
cic-ejj 0
cie-ejj 0
cig-ejj 0
cii-ejj 0
cja-ejj 0
cjc-ejj 0
cje-ejj 0
cjg-ejj 0
cji-ejj 0
daa-ejj 0
dac-ejj 0
dae-ejj 0
dag-ejj 0
dai-ejj 0
dba-ejj 0
dbg-ejj 0
dca-ejj 0
dcc-ejj 0
dce-ejj 0
dcg-ejj 0
dci-ejj 0
dda-ejj 0
ddc-ejj 0
dde-ejj 0
ddg-ejj 0
ddi-ejj 0
dea-ejj 0
dec-ejj 0
dee-ejj 0
dei-ejj 0
dfc-ejj 0
dfg-ejj 0
dfi-ejj 0
dga-ejj 0
dge-ejj 0
dgi-ejj 0
dha-ejj 0
dhc-ejj 0
dhe-ejj 0
dhg-ejj 0
dhi-ejj 0
dia-ejj 0
dic-ejj 0
die-ejj 0
dig-ejj 0
dii-ejj 0
dja-ejj 0
djc-ejj 0
dje-ejj 0
djg-ejj 0
dji-ejj 0
eaa-ejj 0
eac-ejj 0
eae-ejj 0
eag-ejj 0
eai-ejj 0
eba-ejj 0
ebc-ejj 0
ebe-ejj 0
ebg-ejj 0
ebi-ejj 0
eca-ejj 0
ecc-ejj 0
ece-ejj 0
ecg-ejj 0
eci-ejj 0
eda-ejj 0
edc-ejj 0
ede-ejj 0
edg-ejj 0
edi-ejj 0
eea-ejj 0
eee-ejj 0
eeg-ejj 0
eei-ejj 0
efa-ejj 0
efc-ejj 0
efe-ejj 0
efi-ejj 0
egc-ejj 0
ege-ejj 0
egg-ejj 0
egi-ejj 0
eha-ejj 0
ehc-ejj 0
ehe-ejj 0
ehg-ejj 0
ehi-ejj 0
eia-ejj 0
eic-ejj 0
eie-ejj 0
eig-ejj 0
eii-ejj 0
eja-ejj 0
ejc-ejj 0
eje-ejj 0
ejg-ejj 0
eji-ejj 0
