1632
0
29
cd-a 10
1
31
dab-b 8
ehb-b 1
2
29
dgc-c 0
fcd-c 8
dgj-c 0
3
28
cd-d 0
bjg-d 0
cbd-d 0
hcj-d 0
ii-d 4
bcb-d 3
4
24
hic-e 10
5
30
bc-f 0
ff-f 0
jcc-f 0
jbb-f 1
bdjf-f 6
6
26
ehc-g 1
iee-g 2
eie-g 2
gic-g 3
bedj-g 0
7
16
bfa-h 10
8
24
geg-i 7
gie-i 1
bahi-i 0
9
25
ce-j 0
heg-j 0
fbj-j 9
10
23
dhf-ba 10
11
25
bae-bb 0
bcb-bb 0
bee-bb 4
cd-bb 0
bcea-bb 0
bcef-bb 2
bgf-bb 1
12
24
ddf-bc 0
ccj-bc 0
dgf-bc 4
baid-bc 0
hbf-bc 2
daa-bc 1
13
25
cch-bd 4
bejh-bd 5
14
35
fec-be 0
bbbj-be 1
babg-be 0
beai-be 7
15
20
hi-bf 10
16
30
jf-bg 0
iag-bg 0
fib-bg 0
gge-bg 1
bdii-bg 5
baae-bg 0
17
30
hjd-bh 0
ihi-bh 8
bgeh-bh 1
18
25
bc-bi 0
feh-bi 0
hej-bi 0
fic-bi 5
babg-bi 4
19
25
bc-bj 1
ch-bj 0
dg-bj 0
db-bj 1
dhf-bj 2
cii-bj 1
hcj-bj 0
bdbf-bj 0
20
15
cd-ca 0
bai-ca 0
dfg-ca 1
gjh-ca 7
21
27
dcc-cb 2
did-cb 2
edb-cb 5
22
23
ff-cc 1
dgf-cc 3
jgi-cc 1
badc-cc 3
23
18
bhd-cd 0
fae-cd 0
dbg-cd 5
gfa-cd 0
ffb-cd 3
bcaj-cd 0
24
19
ef-ce 1
jgf-ce 2
jag-ce 6
25
27
fhg-cf 0
eac-cf 7
bbci-cf 0
def-cf 2
26
18
eh-cg 0
chb-cg 2
deg-cg 0
deb-cg 0
bd-cg 3
hhc-cg 1
27
18
cd-ch 0
bjd-ch 1
dji-ch 1
ddb-ch 1
hch-ch 1
jgg-ch 3
28
22
hif-ci 0
gbg-ci 0
befi-ci 0
bffg-ci 6
hfh-ci 2
29
23
egd-cj 0
fbi-cj 0
bfgd-cj 8
30
18
ea-da 0
bhd-da 1
eej-da 0
bdf-da 1
gda-da 0
fai-da 2
bcei-da 2
beib-da 1
31
18
bc-db 0
cd-db 0
gi-db 0
cbh-db 1
cfj-db 0
bbde-db 7
32
20
ecg-dc 0
iag-dc 0
jbf-dc 0
iej-dc 8
ifh-dc 0
bbgj-dc 0
33
15
babg-dd 10
34
15
bhe-de 5
eih-de 5
35
16
gc-df 0
igi-df 1
iei-df 0
ibf-df 0
bfgb-df 7
36
24
cee-dg 0
hah-dg 2
bcii-dg 2
bdfc-dg 0
bcag-dg 0
bebe-dg 2
bgfe-dg 0
37
20
db-dh 0
hha-dh 2
gcd-dh 0
bagf-dh 7
38
26
haf-di 10
39
20
cbh-dj 5
ef-dj 5
40
22
cgg-ea 1
jjh-ea 3
jff-ea 2
eee-ea 2
fda-ea 2
41
23
hac-eb 0
cdi-eb 4
bbfc-eb 5
42
11
fi-ec 1
fc-ec 0
ege-ec 1
ci-ec 0
cdc-ec 6
43
16
eb-ed 0
ech-ed 1
bcia-ed 6
bfdc-ed 1
44
24
ejg-ee 2
cfb-ee 4
bacc-ee 4
45
18
bgd-ef 0
bgb-ef 0
cij-ef 0
egh-ef 0
ige-ef 3
cih-ef 3
beeh-ef 1
46
17
bcd-eg 0
cbg-eg 0
ffd-eg 0
ggg-eg 9
47
25
bjb-eh 0
fdd-eh 0
bbfg-eh 3
gdh-eh 4
bbei-eh 0
48
19
cbh-ei 0
bbje-ei 0
jfj-ei 7
bcjf-ei 1
49
29
cd-ej 1
jia-ej 0
baig-ej 8
50
16
bcb-fa 0
hg-fa 0
bc-fa 0
jji-fa 1
dhe-fa 7
51
12
bdc-fb 5
dfa-fb 2
bcch-fb 1
52
14
jb-fc 0
bcj-fc 0
eab-fc 0
fif-fc 2
bfch-fc 6
53
17
dd-fd 5
dhe-fd 5
54
19
jic-fe 10
55
17
ic-ff 0
bdf-ff 0
dbd-ff 0
bed-ff 0
cje-ff 1
bdcg-ff 0
gb-ff 6
56
21
bfaf-fg 10
57
11
d-fh 1
bdb-fh 0
ccb-fh 1
jh-fh 0
jie-fh 0
jjd-fh 0
bejb-fh 5
58
20
fg-fi 0
hee-fi 1
bfdg-fi 8
59
19
ff-fj 0
bea-fj 0
dbg-fj 4
ddg-fj 0
hfh-fj 0
ifd-fj 1
bcha-fj 1
60
11
cg-ga 0
cih-ga 0
dac-ga 0
eah-ga 0
bi-ga 2
fga-ga 6
61
23
bbeb-gb 0
bbjc-gb 9
62
15
j-gc 0
bga-gc 0
eie-gc 1
bdfa-gc 3
gge-gc 4
63
17
cfj-gd 1
dai-gd 1
icd-gd 0
daj-gd 1
bfgc-gd 4
64
23
g-ge 10
65
19
cgh-gf 10
66
20
jdj-gg 0
cdh-gg 3
jhg-gg 0
idf-gg 0
bfjf-gg 5
67
20
bddh-gh 10
68
21
cbe-gi 0
bcff-gi 8
ch-gi 0
69
15
edh-gj 2
gjj-gj 6
baad-gj 2
70
17
bda-ha 1
db-ha 8
ecc-ha 1
71
17
efh-hb 6
iaa-hb 3
72
17
cif-hc 0
dbf-hc 2
ejc-hc 7
73
16
bcd-he 0
bgi-he 1
gij-he 0
gig-he 0
bcjc-he 4
bebb-he 0
hc-he 1
74
17
da-hf 1
dah-hf 1
hie-hf 5
bdbc-hf 3
75
17
dfj-hg 0
bja-hg 6
gbd-hg 1
cgj-hg 1
76
16
bdh-hh 0
caa-hh 0
cae-hh 1
bjb-hh 2
jae-hh 0
gcj-hh 3
beic-hh 0
77
16
ihf-hi 0
baec-hi 4
iba-hi 4
78
14
gfg-hj 0
jfc-hj 9
79
22
bdjd-ia 3
bfeh-ia 6
80
17
gia-ib 2
ghd-ib 4
dea-ib 1
dad-ib 1
81
20
fdf-ic 1
bedh-ic 8
82
5
ej-id 0
ebd-id 0
gbg-id 0
eab-id 9
83
20
dej-ie 2
haj-ie 2
fbb-ie 2
eeh-ie 2
84
18
bcge-if 7
bfce-if 2
85
24
baif-ig 10
86
14
bba-ih 0
cgh-ih 7
bcfj-ih 1
87
15
chf-ii 6
eig-ii 0
bacd-ii 0
dgc-ii 0
bacj-ii 1
bgfi-ii 0
88
19
dbi-ij 1
fbc-ij 1
bcd-ij 5
ife-ij 3
89
17
bei-ja 0
hij-ja 9
90
16
bhe-jb 5
bc-jb 5
91
23
hj-jc 0
gbe-jc 0
gii-jc 0
fci-jc 0
babi-jc 5
bbjg-jc 4
92
18
cae-jd 5
fhj-jd 5
93
20
bbi-je 0
bi-je 2
fcf-je 0
bfc-je 3
gdf-je 2
bfgb-je 0
94
16
dfc-jf 1
iae-jf 2
gbd-jf 5
95
15
ec-jg 0
beb-jg 0
daf-jg 9
96
11
ei-jh 0
ecj-jh 0
bcbf-jh 0
dai-jh 0
hib-jh 0
bbfg-jh 8
97
19
gbe-ji 0
idd-ji 0
bccj-ji 2
bdjh-ji 5
beaa-ji 1
98
12
dej-jj 2
bcee-jj 4
fgf-jj 3
99
16
bfg-baa 0
fhg-baa 0
efg-baa 4
dig-baa 4
100
10
chf-bab 3
ede-bab 2
jhg-bab 1
eic-bab 2
101
13
hj-bac 0
da-bac 0
gja-bac 3
bfe-bac 5
102
13
bfi-bad 1
bha-bad 3
jid-bad 5
103
9
cd-bae 0
bdga-bae 8
dgj-bae 0
ceg-bae 0
104
12
cgb-baf 0
cbg-baf 0
bcb-baf 0
cj-baf 1
bdbh-baf 7
105
24
dad-bag 1
ede-bag 1
fic-bag 1
bbfi-bag 1
baab-bag 1
bfce-bag 3
106
19
deg-bah 1
ddf-bah 0
hbf-bah 1
bbcc-bah 0
ifd-bah 1
gjh-bah 5
107
9
bda-bai 3
cfj-bai 6
108
16
db-baj 1
bda-baj 2
ddb-baj 1
chf-baj 2
eg-baj 3
cjg-baj 1
109
15
hi-bba 0
je-bba 1
dic-bba 1
gdc-bba 4
fbe-bba 3
110
22
bdh-bbb 0
edb-bbb 1
fdh-bbb 4
d-bbb 3
111
20
jje-bbc 0
gbg-bbc 0
chf-bbc 8
dgb-bbc 0
112
15
bja-bbd 5
gca-bbd 5
113
11
cie-bbe 1
ehd-bbe 6
cb-bbe 1
114
17
fj-bbf 0
bej-bbf 0
dfc-bbf 0
bage-bbf 3
bei-bbf 5
115
20
cbd-bbg 0
bbbj-bbg 0
gdc-bbg 2
eba-bbg 0
eg-bbg 1
iff-bbg 4
116
13
ehi-bbh 0
gjh-bbh 0
bacc-bbh 9
117
21
cea-bbi 0
beb-bbi 0
ib-bbi 0
gfd-bbi 0
cbb-bbi 0
ige-bbi 0
bech-bbi 0
beeh-bbi 8
118
17
eh-bbj 0
baja-bbj 0
bbag-bbj 0
fag-bbj 8
ige-bbj 0
119
17
cc-bca 0
bae-bca 0
eae-bca 3
gae-bca 1
cji-bca 3
gaf-bca 0
120
18
bbdg-bcb 2
fba-bcb 6
bdea-bcb 0
bbgc-bcb 1
121
13
jg-bcc 0
hgb-bcc 0
bebg-bcc 0
bbab-bcc 1
bbff-bcc 8
122
10
ddj-bcd 1
jec-bcd 2
eed-bcd 6
iie-bcd 0
123
13
bb-bce 0
ccc-bce 0
fed-bce 0
gef-bce 2
edi-bce 1
bi-bce 1
bagd-bce 1
gc-bce 1
124
9
deg-bcf 1
cea-bcf 4
ddj-bcf 2
gih-bcf 1
125
20
dbg-bcg 2
cah-bcg 1
bhj-bcg 1
g-bcg 2
hcj-bcg 1
dgg-bcg 1
126
12
bfc-bch 0
dfd-bch 0
ecb-bch 1
gad-bch 3
fbh-bch 3
bgbf-bch 1
127
14
bbc-bci 0
fi-bci 0
fag-bci 0
bagb-bci 1
bbhe-bci 6
bcbc-bci 0
bbf-bci 0
128
9
bbf-bcj 0
bah-bcj 0
cjh-bcj 0
eac-bcj 0
iff-bcj 7
cjg-bcj 0
icj-bcj 0
129
16
ia-bda 0
fbe-bda 0
dhg-bda 0
eh-bda 0
ffa-bda 6
dfj-bda 1
130
19
bfc-bdb 0
djh-bdb 0
bhb-bdb 0
cda-bdb 0
fib-bdb 0
jbg-bdb 0
efd-bdb 5
deh-bdb 1
131
16
bec-bdc 0
fee-bdc 3
bbfe-bdc 0
bbjh-bdc 0
bbah-bdc 0
fdc-bdc 1
jbg-bdc 0
cfc-bdc 0
bfea-bdc 2
132
14
bja-bdd 0
efa-bdd 0
bcgc-bdd 6
bjf-bdd 0
bece-bdd 2
133
18
bdh-bde 0
hhi-bde 0
iah-bde 2
bba-bde 1
gge-bde 2
beec-bde 1
134
13
hc-bdf 0
bhe-bdf 0
gbf-bdf 0
gea-bdf 2
hcg-bdf 4
bbab-bdf 2
135
17
ch-bdg 0
dhi-bdg 0
jdg-bdg 0
bahh-bdg 5
djj-bdg 0
cha-bdg 0
bbij-bdg 2
136
14
edg-bdh 1
feh-bdh 2
ce-bdh 1
jjg-bdh 4
137
13
ich-bdi 0
gci-bdi 1
iic-bdi 7
bcfj-bdi 0
bffi-bdi 0
jbe-bdi 0
138
17
igb-bdj 0
igg-bdj 0
bbbh-bdj 0
jfe-bdj 3
geh-bdj 5
hhc-bdj 0
139
17
dgb-bea 1
dgc-bea 8
fif-bea 0
140
11
cbg-beb 0
fe-beb 0
dci-beb 0
edh-beb 0
ffd-beb 0
djg-beb 0
hia-beb 7
141
15
hj-bec 1
eei-bec 0
bdh-bec 0
ii-bec 1
ica-bec 0
bdei-bec 2
hff-bec 0
hea-bec 3
142
15
cfa-bed 0
ica-bed 0
feh-bed 0
cd-bed 7
begd-bed 1
143
23
gjd-bee 0
dfg-bee 0
bbej-bee 0
bgbe-bee 9
144
15
bjd-bef 0
dai-bef 4
jei-bef 0
fgj-bef 3
145
11
bja-beg 1
ea-beg 1
bef-beg 4
fei-beg 3
hgd-beg 1
146
13
hi-beh 1
ef-beh 0
bab-beh 0
cia-beh 0
ih-beh 0
ccg-beh 0
ieh-beh 6
gdd-beh 0
jbj-beh 0
147
17
fge-bei 2
jbi-bei 0
bcgi-bei 1
becg-bei 0
jca-bei 5
148
13
cdi-bej 0
bdb-bej 0
dbi-bej 0
bec-bej 2
fif-bej 6
149
8
ddd-bfa 0
cjd-bfa 6
egg-bfa 1
cdf-bfa 1
ifi-bfa 0
150
13
fda-bfb 0
bdji-bfb 9
151
15
dhb-bfc 0
fbb-bfc 0
cei-bfc 0
fcb-bfc 0
ifh-bfc 0
gbi-bfc 0
dcb-bfc 7
bafi-bfc 0
152
11
cie-bfd 2
haa-bfd 4
jgi-bfd 2
153
12
cgh-bfe 1
hff-bfe 0
baea-bfe 3
dch-bfe 3
gbc-bfe 1
154
11
fdh-bff 0
gfe-bff 3
eec-bff 4
bcie-bff 1
155
12
bef-bfg 0
hj-bfg 0
fh-bfg 0
be-bfg 0
efi-bfg 0
hhe-bfg 1
bgac-bfg 7
156
14
baf-bfh 1
bae-bfh 1
eaa-bfh 5
gcj-bfh 1
157
27
bacf-bfi 0
ich-bfi 0
idg-bfi 0
jhe-bfi 0
gaa-bfi 3
ecj-bfi 0
bgci-bfi 6
158
11
ded-bfj 0
gce-bfj 0
gif-bfj 1
jjj-bfj 3
bii-bfj 3
159
10
efe-bga 1
hbd-bga 8
160
7
dff-bgb 0
hea-bgb 7
bahe-bgb 0
bcga-bgb 0
bedd-bgb 0
cgc-bgb 1
161
10
fd-bgc 0
ehc-bgc 0
cff-bgc 0
ffi-bgc 0
cgd-bgc 3
bdeh-bgc 4
162
10
f-bgd 0
gd-bgd 0
edg-bgd 5
dbj-bgd 0
bgdh-bgd 2
163
6
d-bge 1
hci-bge 4
jif-bge 4
164
13
bie-bgf 0
bd-bgf 0
baih-bgf 0
iaa-bgf 8
165
19
id-bgg 0
babe-bgg 0
ehg-bgg 3
bcaa-bgg 3
heh-bgg 2
bdde-bgg 0
166
12
dbg-bgh 4
cej-bgh 1
cgg-bgh 0
be-bgh 0
bfgh-bgh 3
167
15
cej-bgi 0
baa-bgi 0
eij-bgi 0
bhh-bgi 0
bc-bgi 0
cbi-bgi 2
dda-bgi 0
daj-bgi 4
168
14
djh-bgj 1
hbh-bgj 1
jai-bgj 2
hch-bgj 3
bffe-bgj 2
169
10
ddd-bha 0
edd-bha 0
bff-bha 0
bde-bha 0
bi-bha 0
gi-bha 8
170
17
cda-bhb 0
ih-bhb 0
hhd-bhb 6
fcb-bhb 0
bfbi-bhb 1
171
10
bfe-bhc 0
edf-bhc 0
eje-bhc 0
gfg-bhc 0
bbfd-bhc 6
bagf-bhc 1
172
11
bcb-bhd 0
hj-bhd 3
gii-bhd 1
eed-bhd 4
173
8
bgj-bhe 0
chd-bhe 0
ebi-bhe 0
cfe-bhe 0
daa-bhe 8
174
10
dgi-bhf 1
ech-bhf 1
ca-bhf 0
jga-bhf 0
bci-bhf 5
175
11
bci-bhg 0
cfi-bhg 0
baf-bhg 0
cdi-bhg 7
iga-bhg 0
babb-bhg 0
176
15
cch-bhh 1
efe-bhh 6
bai-bhh 1
177
8
cdb-bhi 0
eaj-bhi 5
ibh-bhi 3
gbb-bhi 0
bacb-bhi 0
178
12
hg-bhj 0
fha-bhj 0
ghd-bhj 0
cb-bhj 0
bafb-bhj 7
hbc-bhj 0
179
13
hi-bia 3
cch-bia 5
dac-bia 1
bjg-bia 1
180
12
hjj-bib 0
fhc-bib 0
eae-bib 9
181
9
baa-bic 5
hdc-bic 1
eee-bic 3
182
12
dec-bid 1
beh-bid 3
bef-bid 3
bajd-bid 1
183
14
bbc-bie 0
bae-bie 0
bef-bie 0
dbe-bie 0
bcc-bie 0
cdc-bie 0
cfe-bie 0
hdd-bie 2
eig-bie 1
bde-bie 1
bcai-bie 1
184
13
cji-bif 0
je-bif 0
bahf-bif 0
babf-bif 3
bgcg-bif 6
185
13
deg-big 7
bdde-big 2
186
12
ccj-bih 0
dcf-bih 1
hef-bih 0
bcff-bih 7
187
11
dfa-bii 1
bga-bii 1
ejd-bii 1
caj-bii 0
bcej-bii 4
188
12
bcj-bij 0
eab-bij 0
cha-bij 4
gfi-bij 0
cia-bij 3
ba-bij 0
189
9
dig-bja 0
ded-bja 0
dca-bja 9
190
12
db-bjb 1
bbee-bjb 4
bcdb-bjb 3
fed-bjb 0
191
13
ibe-bjc 2
bagc-bjc 0
eia-bjc 0
baad-bjc 6
ggh-bjc 0
192
9
bij-bjd 0
hdg-bjd 7
ghb-bjd 2
193
9
dgf-bje 0
eja-bje 0
ecd-bje 8
cga-bje 0
194
13
hie-bjf 0
hii-bjf 0
ecg-bjf 0
baff-bjf 7
bccc-bjf 0
hic-bjf 1
195
7
cec-bjg 1
dih-bjg 5
df-bjg 3
196
15
bcb-bjh 2
cd-bjh 5
gfd-bjh 0
jeb-bjh 1
djg-bjh 0
197
19
beeb-bji 10
198
9
jhe-bjj 0
edg-bjj 0
gci-bjj 1
baad-bjj 7
199
15
jgd-caa 0
ecb-caa 2
bafd-caa 2
hfg-caa 1
djj-caa 3
200
10
bdg-cab 5
daf-cab 0
bef-cab 0
cjd-cab 2
jca-cab 0
jbg-cab 0
201
16
cgd-cac 0
djc-cac 0
bbdh-cac 0
dbf-cac 4
fid-cac 4
202
11
edd-cad 2
ege-cad 4
icg-cad 4
203
15
cci-cae 0
bea-cae 0
gdi-cae 0
chb-cae 0
bcb-cae 3
jcd-cae 0
bccg-cae 2
hhb-cae 2
204
13
bafb-caf 9
gag-caf 0
205
12
cie-cag 7
fbi-cag 1
ebb-cag 1
206
11
cce-cah 0
fde-cah 0
fac-cah 0
ih-cah 0
bahc-cah 1
bebe-cah 5
207
9
jda-cai 10
208
8
jh-caj 1
eba-caj 1
eji-caj 4
ghh-caj 4
209
15
bfi-cba 0
bccb-cba 0
bbjf-cba 6
bgdd-cba 3
210
8
ca-cbb 0
be-cbb 1
da-cbb 0
cge-cbb 4
ihc-cbb 3
211
11
efg-cbc 6
bcdg-cbc 3
212
12
ehe-cbd 0
bif-cbd 0
chb-cbd 0
eag-cbd 0
bcdc-cbd 0
cec-cbd 0
jej-cbd 0
jfc-cbd 8
213
17
bbcc-cbe 10
214
15
cdj-cbf 3
bff-cbf 6
215
10
bdg-cbg 0
hjj-cbg 0
bbfi-cbg 4
becj-cbg 5
216
11
ej-cbh 0
bfg-cbh 0
caj-cbh 0
bhi-cbh 6
jhi-cbh 1
217
16
ede-cbi 9
ebh-cbi 0
218
15
db-cbj 0
dcf-cbj 1
hi-cbj 0
jec-cbj 0
gjj-cbj 6
219
21
bbi-cca 1
ihg-cca 1
ehi-cca 1
bbdb-cca 4
eea-cca 3
220
10
bjj-ccb 1
eig-ccb 1
ejj-ccb 1
d-ccb 1
ddd-ccb 2
jeh-ccb 2
221
11
eag-ccc 2
bcda-ccc 1
jfh-ccc 6
222
15
cjf-ccd 1
ecd-ccd 0
dhh-ccd 0
eae-ccd 0
feh-ccd 1
bajb-ccd 5
223
8
bdc-cce 1
daf-cce 1
hdf-cce 1
bceh-cce 6
224
19
dca-ccf 1
hcc-ccf 0
ghd-ccf 0
jeg-ccf 0
ihi-ccf 8
ga-ccf 0
bfdd-ccf 0
225
14
bih-ccg 1
ide-ccg 1
hde-ccg 1
bahi-ccg 4
hjh-ccg 1
226
10
baaf-cch 3
ice-cch 0
egd-cch 6
227
9
haf-cci 0
bgbg-cci 4
bbfd-cci 4
228
10
cch-ccj 0
eeb-ccj 1
gdf-ccj 1
hji-ccj 5
bch-ccj 0
j-ccj 0
229
6
dd-cda 3
jae-cda 1
ejd-cda 5
230
13
fcf-cdb 0
jaa-cdb 0
bff-cdb 0
ejg-cdb 8
231
16
ccj-cdc 0
gac-cdc 0
eb-cdc 0
fad-cdc 3
ddj-cdc 4
hjg-cdc 0
232
7
db-cdd 2
bebi-cdd 7
233
11
bjb-cde 0
fff-cde 0
bi-cde 0
bj-cde 0
gge-cde 2
hhb-cde 3
bdia-cde 2
234
14
iee-cdf 0
fjc-cdf 9
badh-cdf 0
bhj-cdf 0
dfa-cdf 0
235
13
bdf-cdg 0
eif-cdg 0
cid-cdg 0
gcf-cdg 0
dff-cdg 8
bfjd-cdg 0
236
11
gd-cdh 0
gfd-cdh 0
bbja-cdh 9
237
12
deb-cdi 0
jbc-cdi 0
j-cdi 2
beha-cdi 7
238
10
chh-cdj 0
ega-cdj 8
hgg-cdj 1
239
10
be-cea 0
cfi-cea 0
cac-cea 0
gbi-cea 0
jaj-cea 5
che-cea 3
240
7
bch-ceb 0
cii-ceb 0
dfe-ceb 0
bfj-ceb 0
dhh-ceb 0
bdea-ceb 9
241
7
bdg-cec 1
bbc-cec 0
bajb-cec 5
bad-cec 2
242
7
cah-ced 1
efg-ced 0
bbgc-ced 8
243
9
eej-cee 2
jhc-cee 0
ic-cee 6
244
16
dab-cef 2
bfi-cef 3
bbec-cef 0
bha-cef 3
245
8
bfa-ceg 0
cah-ceg 3
iag-ceg 3
gdg-ceg 3
246
5
bje-ceh 1
cic-ceh 1
eeg-ceh 3
gdd-ceh 3
247
13
bfb-cei 1
dgf-cei 2
ehj-cei 1
ddf-cei 1
fhi-cei 3
248
14
bda-cej 0
ef-cej 0
dif-cej 1
gig-cej 0
jej-cej 0
bbee-cej 2
bbeg-cej 2
bh-cej 3
249
11
eb-cfa 0
gei-cfa 3
hdi-cfa 0
ice-cfa 0
bdhb-cfa 4
250
9
fc-cfb 0
fgg-cfb 1
g-cfb 1
cea-cfb 0
gje-cfb 1
baga-cfb 0
fhe-cfb 3
251
12
eca-cfc 1
gef-cfc 6
ieg-cfc 2
252
8
ccg-cfd 0
cje-cfd 1
geb-cfd 1
a-cfd 0
bchd-cfd 5
bcdh-cfd 0
253
4
jf-cfe 1
ijc-cfe 8
254
8
egj-cff 0
hjf-cff 0
bafc-cff 2
hda-cff 1
ejg-cff 5
255
19
ej-cfg 1
bbdg-cfg 4
bfdb-cfg 3
gic-cfg 0
256
14
baj-cfh 0
bee-cfh 0
gbg-cfh 0
cid-cfh 0
fjh-cfh 0
bbee-cfh 0
cie-cfh 9
257
8
eec-cfi 0
chd-cfi 0
badf-cfi 0
bcfi-cfi 1
dhi-cfi 5
258
9
bd-cfj 0
beb-cfj 1
fh-cfj 0
dib-cfj 0
efb-cfj 0
cfi-cfj 7
259
7
chf-cga 0
cah-cga 0
cgd-cga 0
bhb-cga 1
chj-cga 0
bcjf-cga 7
260
7
dhd-cgb 0
da-cgb 4
gdf-cgb 2
deb-cgb 2
261
12
fji-cgc 0
hdb-cgc 1
ica-cgc 3
ee-cgc 1
hfc-cgc 3
262
10
dcj-cgd 0
dcf-cgd 5
bec-cgd 0
bafi-cgd 0
bafd-cgd 2
bajg-cgd 0
263
12
fh-cge 0
cci-cge 1
bfc-cge 4
hai-cge 0
bba-cge 2
264
10
fcc-cgf 4
gie-cgf 0
ibe-cgf 0
bgbh-cgf 4
265
8
bii-cgg 0
bdh-cgg 1
fhc-cgg 6
dib-cgg 0
bgae-cgg 1
266
8
hif-cgh 0
cag-cgh 0
babb-cgh 0
bdhc-cgh 9
hc-cgh 0
267
16
daf-cgi 0
djh-cgi 0
fdh-cgi 1
ia-cgi 0
baaa-cgi 8
268
9
eag-cgj 3
dgg-cgj 0
fei-cgj 1
ifi-cgj 4
269
8
dcb-cha 2
bhi-cha 0
dhj-cha 0
egj-cha 1
gfh-cha 1
ged-cha 3
270
8
eci-chb 0
fff-chb 2
bcbi-chb 6
271
12
hba-chc 0
jfb-chc 0
jhd-chc 6
bbfj-chc 2
272
8
dfj-chd 0
ebh-chd 0
cjc-chd 0
bfbg-chd 8
273
12
dbj-che 0
befj-che 9
274
18
did-chf 0
ehb-chf 0
hfb-chf 0
fch-chf 0
eca-chf 8
275
12
hja-chg 1
iab-chg 5
edh-chg 3
276
5
ca-chh 5
cid-chh 5
277
11
cee-chi 0
ibj-chi 0
hga-chi 0
bbea-chi 1
bbc-chi 7
jeh-chi 0
278
13
dia-chj 0
fg-chj 1
bgh-chj 0
jg-chj 0
fjd-chj 0
hhi-chj 5
279
9
eie-cia 4
jej-cia 3
cce-cia 0
jj-cia 1
280
11
eha-cib 4
hh-cib 0
bdhh-cib 3
bcce-cib 0
bdhb-cib 0
281
7
bbi-cic 0
igc-cic 0
dhi-cic 8
282
13
bdh-cid 0
dfa-cid 0
ehb-cid 0
fcf-cid 1
ebi-cid 0
fic-cid 0
dfd-cid 0
bii-cid 0
hgg-cid 0
cjb-cid 5
cab-cid 0
283
13
bih-cie 0
jfi-cie 6
gg-cie 3
284
12
dcb-cif 0
dgb-cif 0
dae-cif 0
gfe-cif 0
idd-cif 0
baed-cif 0
bbai-cif 0
bcja-cif 9
285
10
eef-cig 0
dge-cig 0
hbj-cig 6
hdd-cig 0
bbac-cig 1
286
3
cda-cih 0
icg-cih 9
287
12
cah-cii 0
dad-cii 0
gbi-cii 1
gc-cii 0
ggd-cii 1
baha-cii 6
288
13
bgi-cij 0
dgf-cij 6
ch-cij 2
289
8
ead-cja 1
ehg-cja 1
hcj-cja 3
ija-cja 0
bcaa-cja 3
290
12
jbi-cjb 0
bagh-cjb 0
beba-cjb 8
291
10
db-cjc 0
bada-cjc 1
bcih-cjc 0
bfgi-cjc 7
292
5
eje-cjd 1
bdaa-cjd 8
293
4
bbi-cje 3
cea-cje 6
fje-cje 0
294
9
cgb-cjf 4
dba-cjf 6
295
3
cgb-cjg 10
296
9
da-cjh 2
hhf-cjh 2
jfd-cjh 4
he-cjh 1
297
12
bee-cji 0
id-cji 1
hbd-cji 0
dbj-cji 0
bdce-cji 6
bdcg-cji 0
298
11
cc-cjj 0
bgh-cjj 0
fci-cjj 0
jah-cjj 7
bcie-cjj 0
bfeb-cjj 1
299
8
fh-daa 0
ih-daa 0
edd-daa 0
bbhc-daa 1
jjb-daa 2
bfde-daa 5
300
11
ede-dab 0
hi-dab 8
icf-dab 0
cjh-dab 0
bace-dab 0
bef-dab 0
301
5
de-dac 0
bgi-dac 2
fgc-dac 1
dce-dac 2
iid-dac 3
302
7
dab-dad 0
gfe-dad 2
gcb-dad 1
gfd-dad 6
303
11
ebf-dae 0
baaa-dae 0
fce-dae 1
bcib-dae 8
304
10
cha-daf 0
badi-daf 4
bdag-daf 0
bddb-daf 0
bdcb-daf 3
fbb-daf 1
jae-daf 0
305
6
eb-dag 1
jg-dag 1
hcd-dag 7
306
12
ihj-dah 1
ggg-dah 4
ehc-dah 4
307
11
chh-dai 0
ebd-dai 0
bafa-dai 2
ejb-dai 0
bchi-dai 5
308
10
dce-daj 0
ebb-daj 0
fae-daj 0
fhj-daj 1
dhe-daj 0
geh-daj 6
309
8
bff-dba 0
gdh-dba 1
hhj-dba 8
310
15
dfc-dbb 0
eaa-dbb 9
dgi-dbb 0
cjb-dbb 0
311
9
dah-dbc 3
hca-dbc 6
312
6
bfg-dbd 0
bbg-dbd 0
ceg-dbd 0
gcb-dbd 7
bdjf-dbd 1
313
11
dfh-dbe 0
dac-dbe 0
bcaf-dbe 8
314
10
gdc-dbf 0
gib-dbf 9
ei-dbf 0
dac-dbf 0
eid-dbf 0
bbcb-dbf 0
baad-dbf 0
315
7
dab-dbg 0
iag-dbg 9
ffg-dbg 0
316
8
cid-dbh 0
cdb-dbh 0
caa-dbh 1
gfj-dbh 0
fha-dbh 7
317
6
ch-dbi 0
eia-dbi 0
fah-dbi 0
edd-dbi 4
bcaa-dbi 2
318
7
cgb-dbj 0
cg-dbj 0
dad-dbj 2
gjf-dbj 2
dhd-dbj 3
bb-dbj 1
319
8
badg-dca 0
bdii-dca 1
jbi-dca 6
a-dca 0
bda-dca 1
320
12
efg-dcb 0
gbj-dcb 0
eda-dcb 3
gad-dcb 4
jia-dcb 0
fi-dcb 1
321
14
eie-dcc 0
chf-dcc 1
cdd-dcc 0
di-dcc 2
ddf-dcc 0
jah-dcc 4
heg-dcc 0
fbb-dcc 0
gdi-dcc 0
322
10
cg-dcd 4
cfg-dcd 3
gda-dcd 2
323
6
cce-dce 0
jef-dce 9
ebg-dce 0
324
13
bhe-dcf 0
fce-dcf 0
fea-dcf 1
cgb-dcf 1
bbja-dcf 6
325
9
cd-dcg 0
dca-dcg 9
326
8
cjc-dch 0
dh-dch 0
bdgc-dch 0
jai-dch 9
327
9
ehi-dci 1
cge-dci 0
ddg-dci 1
bcef-dci 4
dae-dci 1
328
8
bde-dcj 0
dhd-dcj 0
dbj-dcj 0
jcg-dcj 7
begb-dcj 1
329
4
dai-dda 2
cea-dda 0
bjj-dda 5
fjj-dda 0
330
11
cjb-ddb 0
ddd-ddb 1
eig-ddb 0
bcea-ddb 1
bdge-ddb 2
bbdj-ddb 1
331
9
beg-ddc 0
ia-ddc 0
bja-ddc 2
dac-ddc 1
bfjb-ddc 5
332
5
bci-ddd 1
gfa-ddd 0
hed-ddd 0
beef-ddd 8
333
17
ejf-dde 0
gaa-dde 0
bbj-dde 0
ghh-dde 4
dbe-dde 0
fbe-dde 0
ifj-dde 0
d-dde 3
334
12
chf-ddf 0
jh-ddf 0
bei-ddf 0
id-ddf 0
eij-ddf 2
eb-ddf 1
fcf-ddf 4
335
7
cdi-ddg 0
eid-ddg 8
cgc-ddg 1
336
6
ech-ddh 0
ef-ddh 1
edi-ddh 0
baa-ddh 7
337
10
cfa-ddi 0
ehd-ddi 3
fib-ddi 0
bjc-ddi 0
ef-ddi 3
jja-ddi 0
338
11
ehi-ddj 0
ecg-ddj 5
haa-ddj 3
ccd-ddj 0
ihj-ddj 0
dia-ddj 0
339
12
dia-dea 0
bgi-dea 0
ejd-dea 4
edh-dea 1
ief-dea 2
ebe-dea 0
340
10
hha-deb 0
fei-deb 1
hgj-deb 0
hfg-deb 0
cbi-deb 7
341
7
ba-dec 0
fdc-dec 1
bg-dec 0
bcgh-dec 1
bfg-dec 6
342
7
ihf-ded 5
gij-ded 3
bdbb-ded 0
ddc-ded 0
jab-ded 0
343
13
dej-dee 1
fji-dee 5
cia-dee 3
344
7
ceb-def 0
jfi-def 8
bajh-def 1
345
9
cdh-deg 0
cfb-deg 0
eec-deg 1
hia-deg 1
fhd-deg 5
346
11
gcf-deh 0
ifa-deh 1
iji-deh 3
dj-deh 4
347
12
fif-dei 10
348
12
dif-dej 0
babg-dej 0
bcah-dej 9
fda-dej 0
349
10
fie-dfa 2
hab-dfa 2
bfb-dfa 1
eai-dfa 1
ege-dfa 2
350
7
bde-dfb 0
ehb-dfb 0
e-dfb 8
351
12
ddc-dfc 0
eb-dfc 1
fgg-dfc 1
ca-dfc 2
fgj-dfc 3
352
10
bga-dfd 0
da-dfd 0
gcb-dfd 0
bbae-dfd 0
idj-dfd 6
bfcc-dfd 1
353
6
ii-dfe 1
badc-dfe 0
ejd-dfe 0
baac-dfe 7
354
11
jha-dff 0
ife-dff 0
hii-dff 6
gie-dff 2
heg-dff 0
355
7
cdj-dfg 0
dhf-dfg 0
eib-dfg 9
356
11
hg-dfh 0
fhb-dfh 3
fee-dfh 2
bbcb-dfh 1
beci-dfh 2
357
13
hgh-dfi 8
baac-dfi 0
egd-dfi 1
358
7
eb-dfj 0
ejd-dfj 0
bbah-dfj 8
359
6
g-dga 0
dgi-dga 0
fff-dga 2
cb-dga 0
bcdg-dga 7
360
5
bcae-dgb 10
361
9
bc-dgc 0
jic-dgc 4
fib-dgc 3
jja-dgc 0
bdbb-dgc 0
362
12
ebc-dgd 0
bfa-dgd 0
feh-dgd 0
badi-dgd 2
bajj-dgd 1
bbjf-dgd 3
ifb-dgd 1
363
10
ifc-dge 0
dc-dge 0
hcj-dge 0
bccf-dge 5
ef-dge 1
beaa-dge 1
364
8
dhf-dgf 0
jfj-dgf 0
bbba-dgf 8
bffd-dgf 0
365
5
bg-dgg 5
bced-dgg 5
366
7
idi-dgh 10
367
6
cgg-dgi 0
deb-dgi 5
bbf-dgi 0
ibf-dgi 2
ceb-dgi 0
368
7
gg-dgj 5
bea-dgj 2
bcab-dgj 1
ghb-dgj 0
369
13
ecg-dha 2
jhi-dha 2
dji-dha 5
370
8
ebh-dhb 3
d-dhb 1
bajb-dhb 4
371
12
dfg-dhc 0
ccd-dhc 0
dbg-dhc 7
bbce-dhc 1
jii-dhc 0
bdab-dhc 0
bbed-dhc 0
372
12
cdi-dhd 0
fhc-dhd 0
dgh-dhd 2
hfh-dhd 0
ije-dhd 2
baeg-dhd 3
373
11
dca-dhe 0
ieg-dhe 0
bbhi-dhe 4
ehb-dhe 0
bbii-dhe 2
bbhb-dhe 1
374
10
cjd-dhf 1
bcf-dhf 0
ebj-dhf 2
ich-dhf 0
baga-dhf 6
375
6
bfe-dhg 7
ida-dhg 0
beab-dhg 1
begf-dhg 0
376
7
dgf-dhh 2
bbb-dhh 1
bbh-dhh 1
bdac-dhh 4
gbg-dhh 1
377
8
ebh-dhi 0
fhf-dhi 1
fjf-dhi 0
bbbb-dhi 0
bcab-dhi 0
ihg-dhi 6
378
10
fce-dhj 0
idc-dhj 0
ddj-dhj 4
begh-dhj 0
idf-dhj 3
ecj-dhj 0
icc-dhj 0
379
9
bdc-dia 0
jcc-dia 0
hge-dia 0
ecg-dia 9
380
4
cfd-dib 2
bgg-dib 1
dhj-dib 6
ffd-dib 0
381
10
hc-dic 0
dih-dic 0
fh-dic 1
ebi-dic 1
hhd-dic 1
jff-dic 0
edj-dic 4
bbgj-dic 0
382
11
bab-did 3
ccj-did 0
dhg-did 2
hid-did 1
bgj-did 1
eii-did 0
383
11
dci-die 0
fig-die 0
fea-die 0
jeb-die 0
fac-die 2
baag-die 6
384
3
bbdh-dif 10
385
7
edj-dig 1
fcd-dig 6
hih-dig 1
386
3
fdg-dih 8
bbjg-dih 1
387
6
bage-dii 7
bdeg-dii 2
388
8
cga-dij 0
eai-dij 0
bacf-dij 0
hhe-dij 0
ici-dij 8
389
8
bhe-dja 5
bdhi-dja 5
390
8
eee-djb 0
jjj-djb 9
391
5
dba-djc 1
ddi-djc 1
jaj-djc 7
392
9
cie-djd 1
jdd-djd 0
jif-djd 0
ifd-djd 3
bejh-djd 3
393
10
he-dje 0
bbj-dje 0
dbi-dje 0
hag-dje 0
dbh-dje 0
ddc-dje 0
beaj-dje 8
394
5
eha-djf 10
395
10
baa-djg 0
cji-djg 0
bcc-djg 0
jbc-djg 0
hca-djg 3
bceg-djg 1
efi-djg 2
396
12
bdh-djh 0
djb-djh 0
bif-djh 0
ebi-djh 1
beca-djh 0
gai-djh 0
gdg-djh 0
cjc-djh 4
bdef-djh 3
397
4
cha-dji 2
cic-dji 1
hhj-dji 5
bahj-dji 1
398
8
caj-djj 0
egi-djj 0
dec-djj 1
dda-djj 0
bbc-djj 3
jib-djj 4
399
9
bif-eaa 0
ghi-eaa 0
hbg-eaa 0
bee-eaa 8
eji-eaa 0
jbb-eaa 0
hjj-eaa 1
400
9
fh-eab 0
chi-eab 1
bdha-eab 0
bbga-eab 7
401
10
bcc-eac 0
big-eac 0
bagg-eac 1
cej-eac 7
jhi-eac 0
402
8
chj-ead 0
dce-ead 2
caf-ead 6
dj-ead 0
403
10
fhi-eae 0
gai-eae 0
fed-eae 0
edd-eae 0
gdc-eae 0
icb-eae 9
bic-eae 0
404
4
jc-eaf 2
ghj-eaf 0
fde-eaf 2
fgj-eaf 4
405
9
ca-eag 0
hea-eag 1
gff-eag 5
cfa-eag 0
hgb-eag 0
406
9
cgd-eah 0
eca-eah 0
gdj-eah 0
bbcf-eah 8
bcaj-eah 0
407
5
efh-eai 0
ffa-eai 0
be-eai 0
bbec-eai 9
408
6
eae-eaj 0
dfj-eaj 0
jfa-eaj 0
beec-eaj 7
409
7
cee-eba 0
feb-eba 0
bjj-eba 0
gih-eba 0
bif-eba 8
bebc-eba 0
410
9
ebg-ebb 0
fac-ebb 0
fff-ebb 0
beb-ebb 1
ggb-ebb 0
iij-ebb 4
ffd-ebb 2
411
7
ecb-ebc 2
baej-ebc 6
bjg-ebc 2
412
9
cag-ebd 0
cbb-ebd 0
ejb-ebd 0
had-ebd 0
dgi-ebd 0
badb-ebd 3
bcce-ebd 0
bdae-ebd 4
413
15
dgb-ebe 0
hfg-ebe 0
df-ebe 4
ebb-ebe 1
bfhc-ebe 2
414
7
bge-ebf 1
fhf-ebf 3
ijf-ebf 5
415
4
dcf-ebg 3
fga-ebg 5
ghg-ebg 1
416
10
hdg-ebh 0
bahf-ebh 0
icg-ebh 9
417
3
ebd-ebi 0
ebc-ebi 0
hfe-ebi 9
418
8
ghd-ebj 0
jgc-ebj 6
ehi-ebj 1
igf-ebj 0
djj-ebj 1
419
7
dhi-eca 0
dbf-eca 0
jff-eca 0
eh-eca 0
jga-eca 8
420
4
daj-ecb 0
bchc-ecb 9
421
14
cd-ecc 0
edi-ecc 0
idf-ecc 0
gce-ecc 0
babd-ecc 0
fbe-ecc 0
bdie-ecc 0
bdch-ecc 7
422
8
fba-ecd 0
dha-ecd 0
jfj-ecd 9
423
7
ecd-ece 0
eaa-ece 6
ici-ece 1
eeh-ece 0
424
9
dh-ecf 0
dgb-ecf 1
cib-ecf 1
beh-ecf 6
425
6
dfa-ecg 0
bcca-ecg 9
fbc-ecg 0
426
7
fcf-ech 0
dbh-ech 0
bajd-ech 0
jjc-ech 0
hcd-ech 8
427
6
dh-eci 0
cei-eci 0
hcg-eci 6
jac-eci 2
428
5
gbj-ecj 1
fbc-ecj 2
ihi-ecj 6
429
10
dgb-eda 0
eai-eda 0
hbd-eda 0
igj-eda 0
dhf-eda 5
bbdb-eda 2
bdcg-eda 0
430
7
ff-edb 0
fb-edb 0
gec-edb 1
jj-edb 2
iia-edb 0
gdd-edb 4
431
5
bhb-edc 0
dci-edc 0
baa-edc 5
ihi-edc 3
432
6
bai-edd 0
dfa-edd 0
ebd-edd 0
gag-edd 0
bdh-edd 1
cbe-edd 6
433
8
ejb-ede 0
ffi-ede 0
jbb-ede 0
jh-ede 8
434
10
ci-edf 0
dic-edf 0
fah-edf 0
hba-edf 4
bdfe-edf 3
bdag-edf 0
435
8
ddc-edg 0
ggd-edg 2
jgh-edg 2
cde-edg 3
ie-edg 0
436
8
dah-edh 0
cfj-edh 0
bbgb-edh 6
hcd-edh 1
beb-edh 0
437
13
ccg-edi 0
cfj-edi 0
eja-edi 1
gah-edi 1
gie-edi 2
egf-edi 2
bjd-edi 0
bda-edi 0
baib-edi 1
438
5
cfb-edj 0
egj-edj 0
egf-edj 9
439
11
djh-eea 1
gcc-eea 4
igj-eea 1
bgj-eea 4
440
6
dec-eeb 1
hgh-eeb 4
bab-eeb 1
hei-eeb 2
441
7
bha-eec 0
hci-eec 4
dge-eec 4
442
9
gcd-eed 0
fcg-eed 0
iaa-eed 8
jhc-eed 0
443
5
fgi-eee 3
idg-eee 6
chb-eee 0
444
6
dej-eef 0
bdg-eef 7
jad-eef 0
bie-eef 0
bdcd-eef 1
445
13
dji-eeg 2
chg-eeg 0
cfe-eeg 1
dcc-eeg 1
bfc-eeg 3
badg-eeg 1
446
4
fbd-eeh 2
gbb-eeh 7
447
10
ejc-eei 0
fii-eei 0
bih-eei 0
haj-eei 0
beed-eei 9
448
4
chc-eej 0
bbif-eej 1
bcag-eej 1
bcih-eej 6
449
11
dhd-efa 0
egc-efa 0
cbb-efa 0
jia-efa 4
bccg-efa 1
hch-efa 3
450
5
eib-efb 1
ehc-efb 7
bbgj-efb 1
451
5
bhh-efc 1
fdg-efc 1
ehd-efc 5
hd-efc 0
452
5
igj-efd 0
iac-efd 0
fei-efd 9
453
4
ija-efe 0
bcdb-efe 9
454
11
fff-eff 0
hgf-eff 0
jge-eff 1
bbed-eff 0
bjf-eff 8
455
10
fii-efg 0
bcad-efg 4
bbj-efg 0
iib-efg 4
456
10
dci-efh 0
fde-efh 0
ibb-efh 0
bbeg-efh 0
ded-efh 3
iic-efh 4
igc-efh 1
457
5
eed-efi 2
icc-efi 1
eec-efi 6
458
13
efe-efj 1
gde-efj 1
fhc-efj 0
fje-efj 0
bbfa-efj 3
bbca-efj 2
459
14
cgd-ega 0
icf-ega 0
bja-ega 6
bbac-ega 0
cbg-ega 0
feh-ega 0
bac-ega 1
jca-ega 1
460
6
efi-egb 0
fdb-egb 0
cdg-egb 0
hic-egb 2
jg-egb 0
bcdf-egb 7
461
4
ddc-egc 7
ccj-egc 2
462
6
bbf-egd 0
bdhg-egd 0
cfa-egd 9
463
8
ecb-ege 2
fdb-ege 1
bg-ege 0
dbb-ege 1
ifi-ege 3
dib-ege 1
464
7
cha-egf 0
fge-egf 1
eae-egf 3
ifd-egf 4
465
5
die-egg 0
eaj-egg 2
ed-egg 0
jia-egg 1
idd-egg 4
466
5
cii-egh 0
iid-egh 9
467
4
cdi-egi 2
hef-egi 5
efa-egi 2
ghc-egi 1
468
8
ij-egj 0
dbi-egj 1
ibi-egj 0
jj-egj 0
baih-egj 2
jdg-egj 5
469
7
bjj-eha 0
eid-eha 0
bbi-eha 0
bcbi-eha 0
cgh-eha 9
fgd-eha 0
470
8
bfc-ehb 0
bj-ehb 0
fei-ehb 0
hib-ehb 9
471
4
cdh-ehc 2
iad-ehc 7
472
5
dfd-ehd 0
hcb-ehd 9
hjj-ehd 0
bffb-ehd 0
473
4
di-ehe 0
hje-ehe 0
ibh-ehe 7
bebj-ehe 1
474
7
caa-ehf 1
fag-ehf 3
hgh-ehf 1
cac-ehf 2
jgj-ehf 3
475
10
ddb-ehg 0
cgg-ehg 0
hda-ehg 2
edf-ehg 4
bdgh-ehg 2
476
5
dad-ehh 0
dcc-ehh 0
gcc-ehh 0
had-ehh 0
ecf-ehh 7
477
9
fef-ehi 0
bbeg-ehi 1
jfd-ehi 8
478
7
hbj-ehj 1
baeh-ehj 0
bcgj-ehj 5
eci-ehj 2
479
7
ddb-eia 3
efb-eia 1
bfa-eia 3
efc-eia 2
cjj-eia 1
480
8
dg-eib 0
bbbe-eib 2
iih-eib 7
bcji-eib 0
481
7
ebb-eic 0
fhi-eic 0
bdfb-eic 5
befh-eic 0
bfef-eic 3
482
8
hc-eid 1
bdg-eid 2
fbg-eid 0
ejg-eid 0
bddi-eid 1
bfhj-eid 4
483
9
gbb-eie 5
baf-eie 0
gcf-eie 0
bbaf-eie 0
ffj-eie 3
484
5
djj-eif 0
daa-eif 1
fdf-eif 6
hac-eif 0
485
8
ede-eig 1
edi-eig 2
fdf-eig 1
bfeh-eig 4
486
6
efh-eih 1
cag-eih 1
jc-eih 0
ifi-eih 3
daa-eih 1
487
5
bgb-eii 0
cfd-eii 0
fij-eii 0
bfdi-eii 8
488
8
bje-eij 0
dfg-eij 1
ief-eij 1
dcc-eij 2
jae-eij 4
489
5
iaj-eja 1
hej-eja 0
babi-eja 8
490
3
cdi-ejb 0
ibd-ejb 8
bhc-ejb 1
491
7
eia-ejc 0
daj-ejc 0
hgb-ejc 0
bcbe-ejc 5
gji-ejc 0
ggd-ejc 2
492
4
iic-ejd 0
ige-ejd 9
493
9
bfj-eje 1
gic-eje 1
ebj-eje 2
cif-eje 1
ege-eje 1
iei-eje 3
494
10
bgb-ejf 1
ecf-ejf 0
bfja-ejf 8
495
4
eb-ejg 0
ghb-ejg 0
chd-ejg 2
feg-ejg 7
496
7
bbi-ejh 2
egb-ejh 4
iaa-ejh 2
idi-ejh 2
497
6
cgh-eji 1
cdd-eji 1
dih-eji 0
hfb-eji 3
d-eji 2
498
9
chf-ejj 8
hif-ejj 1
499
7
dfb-faa 0
deg-faa 1
dhg-faa 0
ice-faa 1
bbba-faa 5
500
4
dbf-fab 6
dda-fab 3
501
8
cbh-fac 0
cbi-fac 0
hdh-fac 0
bbii-fac 5
hbc-fac 2
502
9
dih-fad 0
cfh-fad 0
iej-fad 1
baei-fad 6
bdjg-fad 1
fgd-fad 1
503
8
fej-fae 0
fje-fae 0
baba-fae 5
bdia-fae 4
504
14
ice-faf 1
bcja-faf 5
hid-faf 4
505
9
hcd-fag 0
jif-fag 0
ggd-fag 0
bahb-fag 0
dbf-fag 9
506
4
jbj-fah 10
507
7
bcj-fai 0
gdj-fai 0
fdh-fai 7
badj-fai 1
508
8
iii-faj 0
bhe-faj 4
ggb-faj 3
ga-faj 0
509
9
cdi-fba 0
bge-fba 0
dii-fba 0
bbdb-fba 9
510
11
fic-fbb 0
fid-fbb 0
geh-fbb 0
jih-fbb 0
jgi-fbb 7
511
6
eeg-fbc 2
fej-fbc 2
ejh-fbc 2
baag-fbc 2
512
5
bih-fbd 2
eai-fbd 0
hej-fbd 2
ejj-fbd 0
jhc-fbd 4
513
7
fgi-fbe 0
bajc-fbe 0
bceh-fbe 8
514
2
jbh-fbf 10
515
4
edb-fbg 7
dff-fbg 2
516
10
fdh-fbh 3
fgb-fbh 1
hca-fbh 0
ib-fbh 0
bc-fbh 2
bcjg-fbh 1
517
7
cfg-fbi 0
eah-fbi 0
ebf-fbi 2
dcc-fbi 0
bjb-fbi 5
518
6
hb-fbj 0
fdc-fbj 0
fch-fbj 0
ieg-fbj 0
beig-fbj 0
hdc-fbj 8
519
8
dce-fca 0
gaj-fca 4
bcie-fca 0
bccg-fca 4
jib-fca 1
520
8
bhb-fcb 0
fij-fcb 0
h-fcb 0
bcdf-fcb 8
hbb-fcb 1
521
5
gbd-fcc 0
gic-fcc 0
fjh-fcc 0
bfca-fcc 7
522
9
cae-fcd 0
ghf-fcd 0
hib-fcd 0
cba-fcd 9
523
5
gjh-fce 0
gia-fce 1
baec-fce 7
524
9
ejd-fcf 0
ehe-fcf 5
ebi-fcf 1
bff-fcf 0
cgf-fcf 0
baib-fcf 2
cce-fcf 0
525
11
bcah-fcg 0
gcc-fcg 8
bbe-fcg 0
eig-fcg 0
526
12
ecb-fch 2
fcf-fch 0
hfc-fch 0
eae-fch 2
cjb-fch 0
bcee-fch 1
beaj-fch 0
bfgh-fch 0
527
12
fhg-fci 0
iba-fci 3
dfd-fci 0
dei-fci 0
iei-fci 0
dfh-fci 3
bbea-fci 2
528
6
egd-fcj 1
ffb-fcj 1
ghc-fcj 0
hge-fcj 4
heb-fcj 0
529
6
bhj-fda 0
edf-fda 1
gca-fda 0
bhi-fda 1
cfd-fda 2
bbbd-fda 3
530
7
ffg-fdb 0
eha-fdb 8
bcga-fdb 0
def-fdb 1
531
8
dad-fdc 0
cif-fdc 1
eg-fdc 0
bbjb-fdc 0
dhh-fdc 1
bahi-fdc 5
532
13
bei-fdd 0
baei-fdd 4
baif-fdd 0
edd-fdd 3
dfb-fdd 0
hid-fdd 0
eaf-fdd 0
bfha-fdd 0
bfie-fdd 0
533
3
egb-fde 2
fih-fde 2
jj-fde 6
534
6
fbj-fdf 0
cgg-fdf 0
gdc-fdf 1
bade-fdf 0
fdg-fdf 1
ibe-fdf 6
535
6
bhi-fdg 0
gje-fdg 0
gbh-fdg 1
bach-fdg 5
bdhg-fdg 2
536
10
cjd-fdh 0
ffa-fdh 1
hjd-fdh 0
deb-fdh 6
cdc-fdh 0
bcjh-fdh 0
gf-fdh 0
537
2
bh-fdi 0
jii-fdi 9
538
5
hbh-fdj 1
bdfh-fdj 8
539
6
caf-fea 0
bbia-fea 4
bceb-fea 1
bdcd-fea 4
ee-fea 0
540
10
ieb-feb 6
hgh-feb 0
ibd-feb 1
ih-feb 0
dfh-feb 1
cid-feb 0
541
7
ffe-fec 0
bfcg-fec 8
bfij-fec 1
542
10
eac-fed 0
fdh-fed 0
bbhb-fed 3
fjd-fed 0
hdi-fed 5
543
9
fff-fee 0
be-fee 0
ihf-fee 2
bbaa-fee 3
ecb-fee 2
544
6
dfe-fef 0
bbfh-fef 0
bdad-fef 0
je-fef 1
bfdg-fef 7
545
7
bd-feg 0
ihh-feg 0
bi-feg 0
ijc-feg 0
hgh-feg 9
bcgj-feg 0
546
6
bch-feh 0
bbdc-feh 0
hei-feh 1
chc-feh 0
djg-feh 7
547
7
fbi-fei 0
dbc-fei 0
ffc-fei 0
eeg-fei 0
bcgi-fei 0
begd-fei 8
548
6
eji-fej 0
gcg-fej 3
hhe-fej 2
dfe-fej 3
549
9
df-ffa 0
dce-ffa 0
gch-ffa 2
idb-ffa 1
bfef-ffa 5
550
8
dab-ffb 4
cbd-ffb 0
gda-ffb 0
ica-ffb 2
i-ffb 0
jfe-ffb 0
cfd-ffb 0
551
5
bdj-ffc 0
ejg-ffc 0
bgc-ffc 1
hbb-ffc 7
552
8
jaf-ffd 0
dij-ffd 8
eia-ffd 0
553
4
baba-ffe 2
hdc-ffe 7
554
8
edi-fff 0
fgj-fff 0
jbf-fff 1
baae-fff 2
baj-fff 1
hfd-fff 3
555
2
ffi-ffg 10
556
7
fja-ffh 0
e-ffh 9
557
9
fed-ffi 0
gaj-ffi 0
bcdd-ffi 4
cif-ffi 1
cdj-ffi 2
558
5
dfd-ffj 1
gih-ffj 1
gfi-ffj 6
baid-ffj 1
559
12
cie-fga 0
gei-fga 1
eae-fga 2
igi-fga 0
bdib-fga 0
ceb-fga 0
bbhg-fga 0
bhe-fga 4
560
4
eei-fgb 0
gff-fgb 9
dba-fgb 0
561
7
dbd-fgc 0
cjb-fgc 0
jad-fgc 0
dgd-fgc 0
bagf-fgc 8
562
7
dij-fgd 0
bie-fgd 0
ffa-fgd 0
fb-fgd 0
bfff-fgd 2
bfic-fgd 5
563
6
gjf-fge 9
ibf-fge 0
564
3
def-fgf 1
ha-fgf 8
565
4
bih-fgg 4
ice-fgg 6
566
3
dbh-fgh 1
jcf-fgh 6
jjf-fgh 2
567
6
eeh-fgi 0
bcbi-fgi 0
hjf-fgi 0
dfg-fgi 9
568
6
egh-fgj 0
bdc-fgj 0
gbh-fgj 0
ghj-fgj 9
569
5
bfi-fha 1
fhc-fha 8
bfig-fha 0
570
9
feb-fhb 0
hfe-fhb 0
beaa-fhb 0
bfcb-fhb 7
beeb-fhb 2
571
9
bbi-fhc 0
hch-fhc 0
bfed-fhc 8
ijj-fhc 0
bgea-fhc 0
572
7
dgi-fhd 1
dea-fhd 0
cih-fhd 4
hic-fhd 3
573
10
dic-fhe 0
ebh-fhe 3
gge-fhe 1
hci-fhe 3
jbe-fhe 1
574
4
gad-fhf 7
ffb-fhf 2
575
6
da-fhg 0
fjc-fhg 3
jbb-fhg 0
bbfh-fhg 5
576
2
cba-fhh 10
577
5
bja-fhi 6
idd-fhi 0
jcb-fhi 2
bcgj-fhi 1
578
6
ii-fhj 2
fgf-fhj 0
gaj-fhj 1
fag-fhj 4
bgde-fhj 1
579
6
cdd-fia 0
bb-fia 0
gcc-fia 8
hga-fia 1
580
4
fgb-fib 8
gjb-fib 1
bag-fib 1
581
10
cif-fic 0
ifh-fic 0
ijd-fic 0
cea-fic 3
hgg-fic 0
bgaj-fic 6
582
7
fh-fid 0
cdd-fid 0
hh-fid 0
bbaa-fid 8
cih-fid 1
gif-fid 0
583
8
efe-fie 5
ffb-fie 0
bccf-fie 3
584
8
bbc-fif 0
ibj-fif 1
bfcg-fif 2
gge-fif 6
585
8
bjc-fig 0
gfa-fig 0
eib-fig 4
dec-fig 1
ejg-fig 1
bfj-fig 1
586
3
ed-fih 2
id-fih 6
bcc-fih 2
587
9
haf-fii 0
bagb-fii 4
gde-fii 3
bcfh-fii 1
588
4
fdf-fij 2
ebj-fij 6
bdfi-fij 2
589
6
cih-fja 0
edj-fja 9
590
9
egg-fjb 0
gcg-fjb 0
cij-fjb 0
hc-fjb 0
caa-fjb 0
hae-fjb 4
cja-fjb 0
gef-fjb 3
bggb-fjb 0
591
12
dbg-fjc 0
baee-fjc 0
bcff-fjc 0
cie-fjc 8
hdf-fjc 0
592
7
ecc-fjd 2
cif-fjd 8
593
5
fba-fje 3
hci-fje 3
bbac-fje 3
594
7
fhc-fjf 4
jhf-fjf 2
bahg-fjf 2
595
3
bhg-fjg 1
bcfe-fjg 8
596
7
fdf-fjh 0
ei-fjh 0
ddd-fjh 0
baij-fjh 5
g-fjh 2
597
9
ejc-fji 0
ehf-fji 0
hh-fji 0
bgb-fji 0
iga-fji 2
cdf-fji 0
jbi-fji 3
bddi-fji 0
fij-fji 0
598
4
ddi-fjj 2
bbg-fjj 6
gj-fjj 1
599
5
gie-gaa 0
gbb-gaa 0
bacj-gaa 9
600
3
ca-gab 0
ejg-gab 0
gdh-gab 9
601
3
cca-gac 10
602
7
bf-gad 0
bjc-gad 0
hij-gad 3
jjh-gad 0
bdfe-gad 5
603
12
bd-gae 1
jci-gae 0
hca-gae 1
bfi-gae 4
eig-gae 0
ghc-gae 1
604
2
bjh-gaf 10
605
7
dgc-gag 3
jij-gag 3
bahg-gag 1
bcba-gag 1
606
9
cjc-gah 0
fac-gah 1
cdd-gah 0
iaf-gah 6
ici-gah 0
607
2
daa-gai 3
gff-gai 6
608
4
di-gaj 8
bcde-gaj 1
609
7
gcb-gba 0
hgc-gba 0
bbge-gba 5
fdi-gba 0
bbib-gba 3
610
7
eja-gbb 4
efh-gbb 0
cgb-gbb 1
dhf-gbb 1
becb-gbb 0
bfjj-gbb 2
611
7
bbh-gbc 0
ga-gbc 0
baab-gbc 6
bej-gbc 0
bbhc-gbc 1
hb-gbc 1
612
6
gca-gbd 0
fcb-gbd 4
cg-gbd 0
bbcd-gbd 4
613
3
bgfd-gbe 10
614
5
fgd-gbf 2
bbeh-gbf 1
ccj-gbf 3
bdcf-gbf 2
615
4
dga-gbg 1
hhb-gbg 1
bbcb-gbg 2
dhh-gbg 5
616
3
dje-gbh 1
ff-gbh 8
617
9
ej-gbi 0
dbi-gbi 0
ifc-gbi 3
bacg-gbi 0
cfd-gbi 0
dib-gbi 0
bbeh-gbi 3
618
8
gch-gbj 1
eaa-gbj 0
jej-gbj 0
bbfi-gbj 7
619
7
ddd-gca 1
gfd-gca 1
hbg-gca 2
iid-gca 0
haj-gca 2
jig-gca 0
bbfc-gca 0
620
7
cab-gcb 3
bch-gcb 0
bafh-gcb 0
jca-gcb 0
bbbb-gcb 0
bfbd-gcb 5
621
12
iie-gcc 0
baad-gcc 0
gaj-gcc 0
baee-gcc 0
bbii-gcc 0
ejb-gcc 0
bafc-gcc 3
cdh-gcc 4
622
5
ja-gcd 0
egf-gcd 7
bbjd-gcd 1
bgbi-gcd 0
623
7
fai-gce 6
dhb-gce 2
bdfi-gce 2
624
3
daf-gcf 0
cgj-gcf 5
baii-gcf 4
625
6
chg-gcg 0
hgd-gcg 1
cce-gcg 0
ijg-gcg 7
626
8
eja-gch 0
cih-gch 0
ffb-gch 0
fjh-gch 0
bdc-gch 8
627
6
fdc-gci 0
gid-gci 0
bga-gci 1
ghh-gci 0
cea-gci 2
igb-gci 5
628
3
ebb-gcj 8
ged-gcj 1
629
3
bdcf-gda 2
ihh-gda 7
630
5
bdci-gdb 0
cb-gdb 0
bbg-gdb 0
eah-gdb 9
631
8
gbe-gdc 1
ifc-gdc 3
igj-gdc 1
babf-gdc 2
cah-gdc 2
632
5
dgb-gdd 2
hfi-gdd 1
efh-gdd 1
bcag-gdd 5
633
9
gah-gde 0
hed-gde 0
baeb-gde 7
cdd-gde 2
634
5
bhc-gdf 0
gfe-gdf 4
hjh-gdf 0
bchf-gdf 5
635
9
db-gdg 0
gfd-gdg 0
hag-gdg 1
bddj-gdg 7
bajh-gdg 0
636
6
if-gdh 0
iih-gdh 0
bdfd-gdh 0
jci-gdh 9
637
4
jcc-gdi 10
638
4
gjg-gdj 7
cei-gdj 0
dib-gdj 2
639
6
eaa-gea 1
edi-gea 2
cda-gea 0
dea-gea 5
640
7
eff-geb 0
fcb-geb 0
hfa-geb 1
hhd-geb 6
begg-geb 1
641
3
ffc-gec 2
ihd-gec 8
642
5
bdbj-ged 10
643
1
dda-gee 10
644
8
gfh-gef 0
dfi-gef 7
bdgj-gef 1
645
8
baaa-geg 0
cie-geg 2
bfcj-geg 5
gaj-geg 1
646
4
gah-geh 0
iai-geh 0
bjh-geh 0
jg-geh 9
647
6
iba-gei 2
daf-gei 5
eeb-gei 0
ffa-gei 1
648
5
bge-gej 0
gda-gej 0
hgi-gej 5
fec-gej 3
cab-gej 0
649
5
hbc-gfa 4
bgeg-gfa 5
650
4
g-gfb 0
jhj-gfb 9
gfj-gfb 0
bcbi-gfb 0
651
5
bcb-gfc 3
baha-gfc 3
bche-gfc 2
652
5
gch-gfd 2
hjb-gfd 0
bdbg-gfd 6
653
3
bif-gfe 0
hfa-gfe 0
baci-gfe 8
654
10
ehe-gff 0
bga-gff 0
egf-gff 0
jbi-gff 0
eci-gff 0
idi-gff 8
hh-gff 0
655
5
cef-gfg 0
chc-gfg 0
jaj-gfg 0
bahh-gfg 8
656
6
bi-gfh 0
ffb-gfh 2
iga-gfh 4
jaj-gfh 2
657
6
ech-gfi 0
ghc-gfi 0
jeh-gfi 0
becd-gfi 9
dbd-gfi 0
658
3
bdba-gfj 10
659
4
bhe-gga 9
gbc-gga 0
660
5
bee-ggb 2
eae-ggb 6
bej-ggb 0
661
3
id-ggc 2
bgae-ggc 7
662
7
djj-ggd 1
igd-ggd 0
cjh-ggd 0
jhh-ggd 7
663
11
eeb-gge 0
ehc-gge 0
gaj-gge 0
bdc-gge 0
beg-gge 0
beai-gge 0
ifg-gge 0
efd-gge 6
bfid-gge 0
664
6
feh-ggf 1
ibj-ggf 0
jfj-ggf 7
bcdj-ggf 0
hab-ggf 0
665
4
caf-ggg 0
bih-ggg 0
die-ggg 0
dij-ggg 9
666
1
cab-ggh 10
667
7
cbc-ggi 0
cgh-ggi 7
bfc-ggi 2
668
6
gdh-gha 3
ifc-gha 5
gii-gha 1
bfgj-gha 0
669
10
ccg-ghb 0
bbff-ghb 0
bbfg-ghb 3
idb-ghb 2
bgef-ghb 1
bgae-ghb 1
670
8
efi-ghc 0
fhi-ghc 1
fea-ghc 0
cib-ghc 1
jjf-ghc 0
begg-ghc 0
beid-ghc 4
bch-ghc 1
671
4
did-ghd 1
egj-ghd 7
bae-ghd 0
672
4
cji-ghe 5
ccb-ghe 3
ggg-ghe 2
673
2
ggb-ghf 10
674
5
fhb-ghg 6
dhh-ghg 1
cej-ghg 1
fdj-ghg 0
675
6
bacj-ghh 1
fdi-ghh 0
cbc-ghh 8
676
4
bge-ghi 0
cic-ghi 0
daf-ghi 7
hai-ghi 1
677
5
eig-ghj 0
fcd-ghj 0
fdb-ghj 0
hec-ghj 0
bcbc-ghj 8
678
8
ccg-gia 0
ied-gia 2
hbf-gia 2
egg-gia 3
679
3
ehj-gib 0
cic-gib 0
bbhf-gib 9
680
6
fed-gic 1
gge-gic 0
bjc-gic 0
bbga-gic 0
dhi-gic 7
681
3
ddg-gid 0
cjj-gid 9
682
6
iih-gie 8
ihe-gie 0
ici-gie 1
683
8
jea-gif 2
bcdi-gif 0
bcig-gif 0
hge-gif 6
684
4
cec-gig 2
bbe-gig 2
gj-gig 2
ijf-gig 4
685
5
fic-gih 0
baai-gih 0
die-gih 1
bbfb-gih 0
badc-gih 7
686
6
cgf-gii 0
ib-gii 2
baab-gii 7
687
6
bei-gij 2
fgh-gij 0
ibd-gij 4
ehf-gij 1
ehh-gij 1
688
4
ecd-gja 8
bajc-gja 1
689
1
ebc-gjb 10
690
7
hg-gjc 0
ca-gjc 0
hji-gjc 2
gbe-gjc 4
behb-gjc 3
691
4
gad-gjd 10
692
4
b-gje 0
eca-gje 0
bhc-gje 6
bbdf-gje 2
693
3
dig-gjf 3
hdh-gjf 1
ieg-gjf 5
694
7
dci-gjg 0
bbic-gjg 1
egg-gjg 1
bdda-gjg 2
behg-gjg 3
bfb-gjg 0
695
5
cje-gjh 0
dfd-gjh 1
cbg-gjh 8
696
2
ghe-gji 6
bbgf-gji 3
697
5
cg-gjj 0
fbi-gjj 0
hhe-gjj 1
iii-gjj 7
698
4
bjj-haa 2
dg-haa 0
dbe-haa 1
bcea-haa 5
699
3
gc-hab 2
fij-hab 2
bcfg-hab 4
700
4
gdb-hac 5
eif-hac 0
bcbg-hac 3
701
6
iec-had 10
702
7
ije-hae 0
idb-hae 0
chi-hae 3
bbic-hae 4
hea-hae 1
703
5
gic-haf 0
bbcd-haf 0
jji-haf 0
jda-haf 9
cdd-haf 0
704
6
dfg-hag 0
dic-hag 0
hje-hag 5
bcgb-hag 1
beje-hag 0
ecj-hag 0
705
4
dcd-hah 0
ghg-hah 0
efj-hah 2
fda-hah 7
706
3
hfh-hai 7
bce-hai 2
707
6
bdjj-haj 10
708
3
gee-hba 0
bega-hba 2
bdbi-hba 6
709
4
eee-hbb 0
cfb-hbb 2
cgj-hbb 1
fac-hbb 6
710
3
ffc-hbc 5
jdg-hbc 4
bdif-hbc 0
711
6
eij-hbd 0
iah-hbd 0
jjf-hbd 0
bei-hbd 0
bcbd-hbd 0
bdff-hbd 8
712
3
fji-hbe 3
edh-hbe 0
fc-hbe 6
713
4
fcf-hbf 7
dga-hbf 0
jf-hbf 1
714
6
gde-hbg 2
ife-hbg 2
egh-hbg 1
jh-hbg 0
bdjf-hbg 3
715
4
dbj-hbh 0
babe-hbh 6
ci-hbh 3
716
4
egd-hbi 3
jfh-hbi 6
717
3
jge-hbj 2
bedf-hbj 7
718
8
g-hca 0
hcf-hca 2
ejj-hca 0
cib-hca 1
jid-hca 1
ead-hca 1
ibe-hca 3
719
8
cha-hcb 0
jba-hcb 0
bahd-hcb 9
bdfa-hcb 0
ffe-hcb 0
720
8
cie-hcc 5
iee-hcc 5
721
7
hhf-hcd 0
bgi-hcd 1
jee-hcd 7
ghf-hcd 0
bdhb-hcd 0
722
7
gfj-hce 0
eab-hce 1
bde-hce 0
dha-hce 0
beaf-hce 1
ejf-hce 3
bchf-hce 2
723
5
cih-hcf 0
b-hcf 1
hhc-hcf 0
gad-hcf 6
bbae-hcf 0
724
5
ja-hcg 1
jjg-hcg 0
ibf-hcg 5
baed-hcg 2
725
4
fci-hch 3
jcb-hch 1
gdg-hch 4
ghe-hch 1
726
5
geh-hci 2
baef-hci 0
bdff-hci 2
fbf-hci 0
ggi-hci 4
727
7
eec-hcj 2
hdb-hcj 0
ejb-hcj 0
bbbg-hcj 0
jd-hcj 0
bbgd-hcj 6
728
5
eda-hda 0
ffb-hda 3
ea-hda 0
dec-hda 4
idc-hda 1
729
4
fei-hdb 0
jh-hdb 0
bejg-hdb 2
bfhg-hdb 7
730
6
cbi-hdc 0
jbf-hdc 2
bdac-hdc 2
gig-hdc 0
befb-hdc 4
731
6
ejb-hdd 0
bdg-hdd 8
cih-hdd 0
bcf-hdd 0
732
4
gdj-hde 0
bbjf-hde 2
jfh-hde 7
733
5
fad-hdf 0
gbh-hdf 2
bbha-hdf 5
dci-hdf 1
bcfg-hdf 0
734
3
eba-hdg 0
fjc-hdg 9
dac-hdg 0
735
3
fec-hdh 6
ihb-hdh 3
baga-hdh 0
736
4
bic-hdi 0
iae-hdi 0
beah-hdi 8
737
4
bci-hdj 0
eci-hdj 3
haa-hdj 6
jbj-hdj 0
738
8
fdf-hea 1
jjg-hea 0
jb-hea 0
djb-hea 2
bdfd-hea 0
cb-hea 0
befg-hea 3
bcji-hea 0
739
3
fab-heb 1
icg-heb 9
740
9
fai-hec 1
bdhc-hec 5
bdda-hec 1
bfjg-hec 1
741
3
ffe-hed 2
bcbg-hed 6
bfei-hed 0
742
4
gbf-hee 2
ijb-hee 0
bfhd-hee 6
743
5
beg-hef 0
bge-hef 0
gha-hef 0
bjd-hef 8
bfch-hef 1
744
7
bcdd-heg 9
fid-heg 0
745
6
hii-heh 6
ggc-heh 1
ed-heh 0
dcb-heh 1
746
4
ie-hei 0
fad-hei 2
if-hei 6
747
4
gcc-hej 0
cec-hej 3
ccd-hej 1
bgbd-hej 4
748
8
dgc-hfa 5
jhg-hfa 1
bdi-hfa 0
befe-hfa 2
749
7
egc-hfb 0
icd-hfb 4
gc-hfb 1
beh-hfb 0
bff-hfb 2
750
4
gab-hfc 0
gjh-hfc 6
bcdc-hfc 2
751
4
ddc-hfd 0
bad-hfd 1
bcec-hfd 1
eih-hfd 6
752
6
dfb-hfe 0
gac-hfe 0
bahd-hfe 6
ejg-hfe 3
753
7
hge-hff 5
bacc-hff 2
bbci-hff 2
754
3
gfd-hfg 0
ij-hfg 0
bbac-hfg 9
755
5
eci-hfh 0
ihf-hfh 1
ede-hfh 7
ibb-hfh 0
bbaj-hfh 0
756
4
heb-hfi 0
eci-hfi 0
beih-hfi 9
757
3
gaa-hfj 1
jfc-hfj 0
bfhi-hfj 8
758
4
fdb-hga 1
bbg-hga 8
759
7
iaj-hgb 0
bdf-hgb 1
gcc-hgb 1
dfj-hgb 0
hfc-hgb 4
bccd-hgb 1
760
5
dej-hgc 0
hje-hgc 4
fea-hgc 1
fia-hgc 3
761
3
bbfa-hgd 5
bedb-hgd 4
762
3
efg-hge 0
jdc-hge 0
beff-hge 9
763
5
bci-hgf 0
fea-hgf 1
icd-hgf 3
bafe-hgf 5
764
3
ddc-hgg 3
baib-hgg 3
ehf-hgg 4
765
5
deg-hgh 0
dej-hgh 9
766
4
hah-hgi 0
baai-hgi 0
cdb-hgi 1
baja-hgi 7
767
2
bbjj-hgj 10
768
7
ii-hha 0
ihj-hha 5
hdd-hha 1
bi-hha 0
baad-hha 1
dag-hha 0
769
5
fj-hhb 0
dfa-hhb 1
bbaa-hhb 5
bbaj-hhb 0
gfa-hhb 2
770
6
fhc-hhc 0
eia-hhc 0
beff-hhc 9
771
6
ch-hhd 0
gaa-hhd 8
bdec-hhd 1
bbd-hhd 0
772
5
gja-hhe 0
fcd-hhe 0
dji-hhe 0
eff-hhe 6
bdfa-hhe 1
773
5
ed-hhf 0
dag-hhf 1
bafj-hhf 4
bcf-hhf 4
774
4
bcd-hhg 0
hbb-hhg 3
ga-hhg 0
dgd-hhg 6
775
2
ebd-hhh 4
haa-hhh 6
776
4
dcj-hhi 0
bdci-hhi 9
777
9
beb-hhj 1
idc-hhj 0
hie-hhj 0
cbg-hhj 0
jec-hhj 1
bfag-hhj 6
778
3
dbf-hia 0
bbie-hia 1
jdd-hia 7
779
4
ccc-hib 0
bbi-hib 9
bbfb-hib 0
780
7
chh-hic 0
dhd-hic 1
dcc-hic 1
bgcf-hic 7
781
2
bgdg-hid 10
782
3
bjg-hie 2
bgbb-hie 7
783
4
fje-hif 4
cii-hif 2
ggc-hif 3
784
3
fig-hig 9
che-hig 0
785
5
eii-hih 0
iaf-hih 1
ddh-hih 7
bfg-hih 0
bdbe-hih 0
786
6
fej-hii 0
djb-hii 0
jaj-hii 0
cgi-hii 9
787
7
fj-hij 0
hag-hij 0
dif-hij 3
bbbd-hij 0
jff-hij 0
bji-hij 4
788
2
fae-hja 5
gbd-hja 4
789
4
cfh-hjb 9
bde-hjb 0
cbb-hjb 0
790
9
hcc-hjc 0
edj-hjc 0
ifd-hjc 0
gaj-hjc 0
bbfi-hjc 4
bfhe-hjc 4
hbi-hjc 0
791
3
fef-hjd 9
bbd-hjd 0
792
4
fgj-hje 3
bdja-hje 6
793
5
gid-hjf 0
edj-hjf 8
beji-hjf 1
794
7
cfa-hjg 3
gci-hjg 1
eda-hjg 1
igd-hjg 0
jgg-hjg 1
gdj-hjg 1
jdh-hjg 1
795
2
caj-hjh 7
bcg-hjh 2
796
3
bba-hji 0
iac-hji 0
hfj-hji 9
797
8
bgc-hjj 0
fe-hjj 0
bace-hjj 0
fgd-hjj 4
gah-hjj 3
beea-hjj 0
cjf-hjj 0
798
7
cij-iaa 0
deb-iaa 0
eef-iaa 0
jcg-iaa 4
ead-iaa 0
dhc-iaa 5
799
3
cdh-iab 0
ech-iab 8
bdbh-iab 1
800
3
eic-iac 1
hbi-iac 6
hia-iac 1
801
6
cba-iad 0
d-iad 1
jcd-iad 0
cgd-iad 7
dd-iad 0
802
5
cib-iae 0
bcd-iae 0
cdf-iae 9
cjg-iae 0
fjd-iae 0
803
4
ejf-iaf 0
gjf-iaf 8
jd-iaf 0
ecj-iaf 0
804
5
bage-iag 9
ihd-iag 0
ejg-iag 0
begg-iag 0
805
5
fei-iah 1
dad-iah 8
806
4
jh-iai 0
beja-iai 0
dje-iai 9
807
6
gbh-iaj 0
gci-iaj 0
bddg-iaj 8
808
6
bcb-iba 1
bafb-iba 4
bbba-iba 4
bbbj-iba 0
ejb-iba 0
809
4
iha-ibb 9
bead-ibb 0
810
2
egb-ibc 1
bbgf-ibc 8
811
3
bdhd-ibd 2
bgcj-ibd 7
812
3
fba-ibe 3
jbe-ibe 0
bbcc-ibe 6
813
4
dje-ibf 2
dih-ibf 3
bffh-ibf 4
814
5
efj-ibg 0
ceb-ibg 1
fhg-ibg 6
bafg-ibg 2
815
4
eja-ibh 4
bahj-ibh 0
babb-ibh 5
816
6
fii-ibi 0
gi-ibi 0
bjc-ibi 2
jib-ibi 0
fdi-ibi 5
817
4
hae-ibj 0
bbdb-ibj 2
bbcd-ibj 2
dfd-ibj 4
818
6
jde-ica 0
bcfh-ica 1
becf-ica 5
edc-ica 0
dgi-ica 2
819
3
fhj-icb 0
fib-icb 0
hfi-icb 9
820
3
fdh-icc 6
edb-icc 3
821
9
hj-icd 4
jaa-icd 0
eig-icd 0
hcd-icd 1
jaj-icd 3
822
4
hgi-ice 0
jfh-ice 0
ehd-ice 9
823
4
cih-icf 1
dbb-icf 1
bcha-icf 0
fce-icf 6
824
6
bjj-icg 7
gcg-icg 0
bcdi-icg 1
825
3
djd-ich 0
beei-ich 9
826
5
dfa-ici 0
cj-ici 0
jc-ici 9
827
2
hbe-icj 0
jie-icj 9
828
5
hee-ida 0
jbh-ida 0
bhf-ida 0
ehj-ida 0
bcfd-ida 8
829
8
fce-idb 1
jcb-idb 0
cdh-idb 0
bach-idb 3
bfjd-idb 0
cii-idb 0
ghi-idb 3
830
4
gjg-idc 9
djj-idc 0
iij-idc 0
831
5
fj-idd 0
bbah-idd 1
fih-idd 0
bfda-idd 7
832
3
fgc-ide 10
833
6
dh-idf 4
jhi-idf 0
efa-idf 2
dii-idf 2
bajg-idf 0
834
5
ic-idg 0
bfi-idg 1
bagf-idg 0
dhd-idg 8
835
5
bad-idh 3
gdg-idh 3
hhg-idh 3
836
9
hhc-idi 0
ech-idi 2
baeh-idi 0
bbdd-idi 0
bgfa-idi 6
837
3
bcc-idj 5
bgf-idj 0
fdj-idj 4
838
4
chb-iea 0
eeb-iea 0
bij-iea 0
bebf-iea 9
839
5
fhb-ieb 7
bdaj-ieb 0
bbie-ieb 1
840
6
hfh-iec 0
iff-iec 0
fgf-iec 0
hfg-iec 9
bbca-iec 0
841
5
bbid-ied 4
hhb-ied 0
jac-ied 4
bche-ied 0
842
4
efc-iee 4
baje-iee 4
bdcd-iee 1
843
5
hag-ief 1
bfc-ief 4
ea-ief 0
bbah-ief 3
844
6
ebg-ieg 0
hcd-ieg 1
fjj-ieg 0
idd-ieg 6
ffh-ieg 1
845
5
bjg-ieh 0
bchj-ieh 8
caj-ieh 0
bge-ieh 0
846
6
efg-iei 4
dbf-iei 0
gdf-iei 0
hgi-iei 4
behf-iei 0
bcgb-iei 0
847
2
bdi-iej 0
bbh-iej 9
848
5
hcf-ifa 5
ccc-ifa 2
bbbi-ifa 1
bdbe-ifa 0
bdih-ifa 0
849
3
fgh-ifb 0
dfh-ifb 6
bagh-ifb 3
850
7
cee-ifc 0
ejj-ifc 0
bchg-ifc 6
gfa-ifc 0
fdj-ifc 0
jid-ifc 1
851
4
bah-ifd 0
cf-ifd 2
ijh-ifd 0
bbhd-ifd 6
852
4
dad-ife 2
bbdj-ife 0
hjf-ife 7
853
5
fb-iff 0
bjb-iff 0
jgf-iff 0
cgi-iff 0
efe-iff 7
854
7
jci-ifg 0
be-ifg 3
bgeb-ifg 6
855
7
eif-ifh 0
baga-ifh 1
baai-ifh 1
cid-ifh 6
856
3
bcci-ifi 7
badf-ifi 2
857
4
gfj-iga 1
ebb-iga 8
858
2
gb-igb 0
cif-igb 9
859
3
eaf-igc 1
gh-igc 0
bcgi-igc 8
860
5
ife-igd 3
ggg-igd 5
hfd-igd 0
861
5
dbi-ige 0
hjc-ige 7
dbj-ige 1
862
1
egi-igf 10
863
2
babd-igg 10
864
1
hag-igh 10
865
3
gag-igi 0
bcbj-igi 5
bbg-igi 4
866
6
gih-igj 0
dde-igj 2
jba-igj 4
bdie-igj 3
867
4
hgf-iha 1
jfa-iha 0
bcdj-iha 7
bbfe-iha 0
868
2
eii-ihb 0
bbcj-ihb 9
869
6
eba-ihc 1
jfd-ihc 1
ehj-ihc 7
870
7
fj-ihd 0
behh-ihd 5
bbdd-ihd 4
bgei-ihd 0
871
3
hdi-ihe 3
hdj-ihe 0
hdg-ihe 5
872
5
eh-ihf 0
ijj-ihf 0
cfb-ihf 0
bbad-ihf 8
bfcc-ihf 0
873
5
gbf-ihg 0
cdj-ihg 3
gij-ihg 5
bcj-ihg 0
874
3
eef-ihh 0
cib-ihh 7
gih-ihh 1
875
5
gjh-ihi 0
jg-ihi 0
hdb-ihi 0
bdgf-ihi 9
bebh-ihi 0
876
3
cef-ihj 2
caf-ihj 7
877
3
fgb-iia 9
hfh-iia 0
fid-iia 0
878
6
id-iib 1
cfb-iib 0
bafa-iib 0
baeb-iib 7
chd-iib 0
879
5
iie-iic 0
fag-iic 4
gfa-iic 0
jje-iic 4
880
5
cej-iid 1
ffa-iid 6
iae-iid 1
bfei-iid 0
881
5
bec-iie 1
jee-iie 3
bgc-iie 0
cbb-iie 1
bejf-iie 3
882
2
hif-iif 4
bbei-iif 5
883
5
hcg-iig 9
ddg-iig 0
884
1
hbj-iih 10
885
4
bbib-iii 10
886
2
baaa-iij 10
887
4
iaa-ija 4
bcfe-ija 2
dbj-ija 4
888
1
ega-ijb 10
889
5
bbf-ijc 3
hg-ijc 2
cgi-ijc 3
bcij-ijc 0
890
5
gdh-ijd 0
beda-ijd 8
hfi-ijd 1
891
6
bef-ije 0
gda-ije 0
bbbj-ije 2
beef-ije 6
892
3
bj-ijf 10
893
3
ig-ijg 0
behi-ijg 9
894
2
hhg-ijh 2
bii-ijh 7
895
2
gd-iji 10
896
2
cff-ijj 2
iaf-ijj 7
897
3
cf-jaa 0
jbg-jaa 0
bbjh-jaa 8
898
6
djh-jab 1
gbe-jab 8
899
5
hca-jac 1
ejj-jac 2
ghg-jac 2
ibb-jac 2
bgg-jac 1
900
3
djc-jad 1
bcij-jad 8
dgj-jad 1
901
3
cja-jae 0
ee-jae 0
bbih-jae 8
902
4
bdig-jaf 7
bgd-jaf 2
903
3
cg-jag 3
cbc-jag 5
bdij-jag 0
904
7
cfe-jah 0
fie-jah 1
bajg-jah 0
bchh-jah 4
bcif-jah 0
baia-jah 3
905
5
hah-jai 0
efa-jai 1
gbj-jai 4
bbbg-jai 3
bffi-jai 0
906
4
iic-jaj 0
ebd-jaj 9
907
3
cgd-jba 0
gej-jba 8
bdef-jba 1
908
4
gjc-jbb 3
dhg-jbb 6
909
2
gbg-jbc 1
jca-jbc 8
910
3
dij-jbd 3
bgh-jbd 1
bfad-jbd 4
911
4
fbj-jbe 7
bbig-jbe 1
de-jbe 1
912
5
gfg-jbf 0
jbe-jbf 0
bedi-jbf 8
hai-jbf 0
cc-jbf 0
913
5
igc-jbg 0
bjd-jbg 0
ehd-jbg 5
baie-jbg 3
bdid-jbg 1
914
3
bji-jbh 0
babf-jbh 4
dbd-jbh 4
915
2
hai-jbi 0
bdcc-jbi 9
916
6
ieg-jbj 0
hdc-jbj 2
jhb-jbj 1
ejd-jbj 2
daa-jbj 1
917
4
idf-jca 1
jde-jca 0
jfg-jca 7
fdh-jca 0
918
4
ihh-jcb 0
hhf-jcb 1
gae-jcb 3
faj-jcb 4
919
3
fej-jcc 1
fjg-jcc 0
gfb-jcc 8
920
4
ied-jcd 0
bagh-jcd 0
hgh-jcd 4
jcc-jcd 3
921
2
bafi-jce 10
922
3
igj-jcf 7
djc-jcf 1
ghe-jcf 1
923
5
babe-jcg 0
cfj-jcg 0
ggg-jcg 9
924
7
hhe-jci 0
fch-jci 0
fb-jci 0
beia-jci 0
bfbf-jci 7
gih-jci 2
925
5
cjb-jda 0
bgdf-jda 0
bdig-jda 9
926
6
bbaj-jdb 0
jji-jdb 0
cgf-jdb 2
hge-jdb 3
jhc-jdb 1
927
6
hbh-jdc 1
gdh-jdc 6
jc-jdc 2
928
3
dic-jdd 2
dhc-jdd 6
ffh-jdd 0
929
6
bie-jde 0
baad-jde 0
bcjb-jde 0
bdgi-jde 0
bi-jde 8
ha-jde 0
930
7
ibi-jdg 1
fbf-jdg 0
dhj-jdg 4
gea-jdg 1
bhb-jdg 1
bh-jdg 0
cjh-jdg 0
931
1
ea-jdh 10
932
2
dfb-jdi 10
933
4
ja-jdj 0
eic-jdj 1
jfj-jdj 7
dhb-jdj 0
934
3
ije-jea 9
ef-jea 0
935
2
jad-jeb 10
936
5
ehc-jec 4
bgb-jec 0
dae-jec 1
bdfg-jec 1
badg-jec 1
937
1
djc-jed 10
938
4
ceg-jee 0
ej-jee 0
cfg-jee 0
hjb-jee 9
939
5
beh-jef 0
fad-jef 1
bbfe-jef 0
bbje-jef 3
badj-jef 5
940
2
bbj-jeg 9
baib-jeg 1
941
5
ddj-jeh 3
bafe-jeh 0
bgdb-jeh 6
942
2
eff-jei 5
jja-jei 5
943
3
fgj-jej 0
dch-jej 4
ehb-jej 5
944
4
bhe-jfa 2
iec-jfa 1
chb-jfa 0
fdj-jfa 5
945
3
cge-jfb 1
bbdb-jfb 2
ebb-jfb 6
946
3
cgh-jfc 1
jgb-jfc 8
egb-jfc 0
947
2
fbd-jfd 2
babc-jfd 7
948
4
egf-jfe 0
bcif-jfe 0
bfgb-jfe 8
c-jfe 1
949
4
ee-jff 0
egg-jff 5
bfeb-jff 3
950
4
fic-jfg 0
ghc-jfg 0
bccb-jfg 5
ega-jfg 4
951
6
eij-jfh 0
ddc-jfh 0
fdf-jfh 1
bffj-jfh 1
gfb-jfh 6
952
4
eib-jfi 0
dii-jfi 0
befa-jfi 5
bbj-jfi 4
953
5
bcc-jfj 0
jfa-jfj 0
bcaj-jfj 0
bdhe-jfj 9
eac-jfj 0
954
5
fdf-jga 0
bagg-jga 0
bfab-jga 0
bfcd-jga 9
bfcf-jga 0
955
2
ecd-jgb 10
956
5
ied-jgc 1
babj-jgc 1
bba-jgc 0
cfa-jgc 0
ibd-jgc 5
957
5
ghb-jgd 10
958
5
dda-jge 0
bagf-jge 0
gbf-jge 0
bedj-jge 1
bcgj-jge 6
959
6
fbf-jgf 0
hhj-jgf 2
i-jgf 6
fjd-jgf 0
bhg-jgf 0
960
3
cfd-jgg 1
bajc-jgg 3
heh-jgg 5
961
2
jcb-jgh 4
dfc-jgh 5
962
2
gjf-jgi 0
iae-jgi 9
963
7
efh-jha 0
jia-jha 5
bea-jha 0
ghd-jha 4
964
1
ejg-jhb 10
965
4
eej-jhc 6
ced-jhc 1
gga-jhc 0
hei-jhc 1
966
3
geb-jhd 1
gba-jhd 8
967
4
jae-jhe 2
jih-jhe 0
bbai-jhe 6
968
4
gid-jhf 0
bajj-jhf 6
fch-jhf 0
behe-jhf 2
969
3
fbi-jhg 1
hde-jhg 8
970
4
gab-jhh 1
bfia-jhh 8
971
3
fca-jhi 0
bagi-jhi 1
bcj-jhi 7
972
2
eei-jhj 10
973
7
hdd-jia 0
baac-jia 0
bje-jia 0
baca-jia 0
bded-jia 5
ecc-jia 1
ddg-jia 0
974
4
bab-jib 1
gda-jib 0
iac-jib 4
bjf-jib 2
975
3
hff-jic 1
igj-jic 8
976
4
jff-jid 2
cag-jid 0
bdgd-jid 0
bgfj-jid 5
977
3
hdb-jie 1
baih-jie 7
cij-jie 1
978
4
hah-jif 5
dge-jif 1
bb-jif 3
bdih-jif 0
979
3
bbe-jig 0
bafi-jig 1
gha-jig 7
980
3
jhi-jih 1
gfi-jih 1
bfa-jih 6
981
4
bjh-jii 0
ddf-jii 8
cei-jii 1
982
3
ge-jij 10
983
1
idh-jja 10
984
6
ihg-jjb 0
bdi-jjb 1
jif-jjb 0
hja-jjb 5
ieg-jjb 0
cjc-jjb 0
985
4
jhg-jjc 0
jbg-jjc 1
bcgb-jjc 7
986
1
daj-jjd 10
987
6
hdd-jje 0
badd-jje 0
baig-jje 3
bbcg-jje 4
ej-jje 0
988
2
hja-jjf 8
ccf-jjf 1
989
2
efa-jjg 3
gfc-jjg 6
990
1
geh-jjh 10
991
2
hef-jji 9
j-jji 0
992
5
edg-jjj 0
baea-jjj 0
bcci-jjj 9
993
1
fgi-baaa 10
994
5
jeg-baab 5
ifd-baab 3
bbdf-baab 0
bc-baab 0
efi-baab 0
995
3
hig-baac 1
jbh-baac 8
996
4
ehj-baad 0
jcd-baad 0
bbbh-baad 2
ceb-baad 6
997
2
dib-baae 0
eje-baae 9
998
4
baae-baaf 8
bdej-baaf 1
999
7
fc-baag 0
cdc-baag 0
jci-baag 8
beja-baag 0
ffj-baag 1
1000
3
baef-baah 9
jab-baah 0
1001
4
dgd-baai 0
bacb-baai 2
baha-baai 5
igj-baai 0
1002
6
dfi-baba 0
haj-baba 0
bbfb-baba 0
ehi-baba 8
jdf-baba 0
1003
3
ggi-babb 0
edh-babb 0
djh-babb 9
1004
5
jga-babc 0
ege-babc 0
beag-babc 6
baif-babc 0
if-babc 1
1005
3
gec-babd 1
bddi-babd 0
dfe-babd 8
1006
4
ebj-babe 8
ije-babe 1
dbj-babe 0
1007
2
ceg-babf 0
begj-babf 9
1008
4
bbdj-babg 0
beba-babg 5
bdhd-babg 4
1009
2
cbg-babh 5
baia-babh 4
1010
5
gd-babi 0
cdb-babi 2
baij-babi 6
1011
4
bbcg-babj 4
fdc-babj 5
bfib-babj 0
1012
1
igh-baca 10
1013
7
jg-bacb 2
heb-bacb 1
jce-bacb 0
jhb-bacb 0
bcje-bacb 2
bgbj-bacb 3
1014
4
feg-bacc 0
hbc-bacc 0
gdb-bacc 9
1015
2
jgf-bacd 10
1016
2
dhb-bace 4
bbcd-bace 5
1017
1
ifd-bacf 10
1018
2
cja-bacg 4
bgdb-bacg 6
1019
3
fdd-bach 0
baag-bach 0
bih-bach 8
1020
2
egi-baci 0
ejc-baci 9
1021
4
ib-bacj 0
bada-bacj 0
iha-bacj 8
ibj-bacj 0
1022
6
bbcf-bada 3
hej-bada 2
gdb-bada 3
ecj-bada 0
1023
3
bdf-badb 6
dcd-badb 0
bddf-badb 2
1024
3
cad-badc 0
hfg-badc 1
ifg-badc 8
1025
3
jc-badd 0
bcac-badd 9
gh-badd 0
1026
2
ega-bade 10
1027
2
fgh-badf 10
1028
2
jhi-badg 5
bbbf-badg 4
1029
2
bbgj-badh 10
1030
2
ghg-badi 0
bbdi-badi 9
1031
6
ff-badj 0
ijj-badj 0
bbhf-badj 0
bjf-badj 8
1032
6
cid-baea 1
he-baea 0
hdd-baea 8
1033
4
iag-baeb 0
fd-baeb 0
bbaf-baeb 0
bdcj-baeb 8
1034
5
jha-baec 5
bcac-baec 0
hbg-baec 3
jaa-baec 1
ccb-baec 0
1035
1
djc-baed 10
1036
2
baeg-baee 10
1037
4
efd-baef 1
bdbf-baef 0
fi-baef 7
gj-baef 0
1038
5
hhd-baeg 2
jdc-baeg 2
baic-baeg 0
bcef-baeg 5
1039
3
dfd-baeh 10
1040
5
chj-baei 0
bhc-baei 0
bagg-baei 4
bcig-baei 5
1041
5
bbhh-baej 5
hih-baej 0
bdij-baej 0
bdfj-baej 4
1042
5
hgc-bafa 0
babe-bafa 3
jdj-bafa 1
cff-bafa 0
dgj-bafa 3
1043
4
baah-bafb 0
bcji-bafb 0
bbbd-bafb 2
gdg-bafb 6
1044
5
jce-bafc 0
hii-bafc 8
gfg-bafc 0
bbef-bafc 1
1045
2
fei-bafd 0
cfa-bafd 9
1046
4
dhc-bafe 0
fdd-bafe 9
bgf-bafe 0
1047
3
hcj-baff 0
bfif-baff 9
1048
1
fdd-bafg 10
1049
1
jbd-bafh 10
1050
4
bhj-bafi 5
chi-bafi 2
bbgf-bafi 0
bag-bafi 2
1051
3
gfi-bafj 0
bcag-bafj 0
hef-bafj 9
1052
3
ded-baga 0
bbag-baga 9
1053
3
fhb-bagb 9
bcgd-bagb 0
1054
1
gie-bagc 10
1055
3
beg-bagd 1
hgd-bagd 7
ibg-bagd 0
1056
4
jfb-bage 0
babh-bage 0
bbcj-bage 0
jhf-bage 9
1057
2
bgd-bagf 0
bede-bagf 9
1058
5
jid-bagg 0
baie-bagg 1
bbgh-bagg 0
fcb-bagg 5
hgb-bagg 2
1059
6
jbd-bagh 0
ijg-bagh 1
cgf-bagh 3
eab-bagh 0
cde-bagh 1
gje-bagh 3
1060
4
ehh-bagi 0
ggh-bagi 0
bcac-bagi 8
1061
3
jhd-bagj 9
bgj-bagj 0
1062
4
bcgf-baha 2
bgcc-baha 7
1063
2
cgc-bahb 2
bgah-bahb 8
1064
2
hbg-bahc 10
1065
6
efa-bahd 0
dii-bahd 0
bcgf-bahd 0
behd-bahd 0
beij-bahd 1
dbb-bahd 7
1066
2
bcdi-bahe 10
1067
2
bagd-bahf 7
ffi-bahf 2
1068
2
bgc-bahg 0
gjc-bahg 9
1069
4
hea-bahh 1
bahg-bahh 4
bedg-bahh 3
jab-bahh 0
1070
4
hab-bahi 1
ceh-bahi 0
ghc-bahi 7
ia-bahi 0
1071
2
ghi-bahj 4
fbe-bahj 5
1072
3
jif-baia 0
gaf-baia 0
bgg-baia 9
1073
2
iac-baib 6
hih-baib 3
1074
5
babi-baic 3
iaa-baic 3
bcgg-baic 3
1075
2
ib-baid 3
bejd-baid 6
1076
5
iaf-baie 3
bade-baie 2
chg-baie 1
efc-baie 2
bai-baie 1
1077
2
jcb-baif 10
1078
4
edd-baig 3
jgh-baig 2
ihc-baig 0
hif-baig 3
1079
6
gcf-baih 1
bbgd-baih 0
eea-baih 0
bcej-baih 0
becj-baih 6
bcgf-baih 0
1080
2
ffj-baii 2
bbab-baii 7
1081
5
bfh-baij 0
ife-baij 8
bha-baij 1
1082
4
bif-baja 1
cgg-baja 0
bcfj-baja 4
cdh-baja 2
1083
3
ji-bajb 3
bdfg-bajb 1
bafj-bajb 5
1084
3
hih-bajc 0
bbae-bajc 4
dhb-bajc 5
1085
4
hha-bajd 7
hhg-bajd 0
edc-bajd 0
bfjc-bajd 1
1086
5
iej-baje 3
hhe-baje 0
bdab-baje 0
gfi-baje 5
1087
5
eca-bajf 0
jcd-bajf 0
jeb-bajf 0
bbgi-bajf 9
bcje-bajf 0
1088
2
cgf-bajg 3
fi-bajg 6
1089
2
hba-bajh 5
bia-bajh 4
1090
2
baje-baji 9
bhf-baji 0
1091
3
ejh-bajj 0
eci-bajj 0
bajf-bajj 9
1092
4
ghb-bbaa 0
bcfa-bbaa 9
beeg-bbaa 0
1093
2
cde-bbab 0
bbfc-bbab 9
1094
5
dce-bbac 7
iif-bbac 0
fed-bbac 0
bejd-bbac 0
1095
4
bbag-bbad 4
jbh-bbad 5
1096
6
gid-bbae 0
eah-bbae 0
bcfc-bbae 0
hg-bbae 0
gc-bbae 7
bgba-bbae 0
1097
2
eff-bbaf 8
hhg-bbaf 1
1098
3
gff-bbag 10
1099
4
cja-bbah 3
fhe-bbah 2
beci-bbah 4
bfjh-bbah 0
1100
4
bhj-bbai 9
bdch-bbai 0
1101
1
ich-bbaj 10
1102
5
hde-bbba 0
babb-bbba 0
cgd-bbba 0
hdb-bbba 8
jid-bbba 0
1103
1
hed-bbbb 10
1104
4
baec-bbbd 5
bbh-bbbd 0
bgab-bbbd 4
1105
3
bcc-bbbe 2
bccj-bbbe 6
dhj-bbbe 1
1106
3
faj-bbbf 2
cef-bbbf 7
1107
3
ief-bbbg 5
baci-bbbg 0
icb-bbbg 3
1108
2
ehg-bbbh 7
bagc-bbbh 2
1109
2
bac-bbbi 9
gee-bbbi 0
1110
3
big-bbbj 1
bahe-bbbj 2
bgdj-bbbj 6
1111
3
bdd-bbca 0
jcc-bbca 9
1112
7
djj-bbcb 2
ccc-bbcb 0
jfd-bbcb 3
fbc-bbcb 0
iee-bbcb 1
hih-bbcb 3
1113
2
hbd-bbcc 9
bgf-bbcc 0
1114
3
baii-bbcd 5
jjd-bbcd 0
gje-bbcd 4
1115
2
iff-bbce 6
gde-bbce 3
1116
2
bbae-bbcf 0
fhc-bbcf 9
1117
3
fcg-bbcg 0
bdid-bbcg 2
ccj-bbcg 6
1118
1
icb-bbch 10
1119
2
bie-bbci 0
babh-bbci 9
1120
2
hee-bbcj 8
bbbb-bbcj 1
1121
4
jde-bbda 9
ehh-bbda 0
bbji-bbda 0
1122
5
bbf-bbdb 0
hjj-bbdb 0
idc-bbdb 3
bfdj-bbdb 0
ifa-bbdb 4
1123
1
jh-bbdc 10
1124
6
fgh-bbdd 0
gid-bbdd 1
bci-bbdd 5
eii-bbdd 1
beb-bbdd 1
1125
2
jif-bbde 10
1126
3
baed-bbdf 1
gbi-bbdf 8
gbc-bbdf 0
1127
4
bhc-bbdg 3
bid-bbdg 0
bgdc-bbdg 5
1128
3
eef-bbdh 0
bcjd-bbdh 2
ghb-bbdh 6
1129
4
baee-bbdi 2
hbh-bbdi 7
bcba-bbdi 0
1130
1
ghi-bbdj 10
1131
3
dfh-bbea 0
cga-bbea 1
df-bbea 8
1132
5
ji-bbeb 0
bbde-bbeb 1
ihd-bbeb 5
bbae-bbeb 2
bffc-bbeb 0
1133
3
cai-bbec 0
bcie-bbec 9
1134
3
jc-bbed 10
1135
2
gcj-bbee 0
bdee-bbee 9
1136
4
badd-bbef 1
fjf-bbef 0
ce-bbef 0
fjb-bbef 8
1137
3
eca-bbeg 4
bcjg-bbeg 3
bgbc-bbeg 1
1138
2
eg-bbeh 10
1139
2
gej-bbei 6
eif-bbei 3
1140
3
fci-bbej 1
bcbb-bbej 6
fja-bbej 1
1141
2
jf-bbfa 0
bacc-bbfa 9
1142
5
fgd-bbfb 0
bbgg-bbfb 3
baji-bbfb 5
ghj-bbfb 0
bdah-bbfb 0
1143
3
ibh-bbfc 9
bfej-bbfc 0
1144
5
eaa-bbfd 6
ebc-bbfd 0
bdcj-bbfd 2
bdje-bbfd 0
1145
2
chg-bbfe 0
bbgi-bbfe 9
1146
6
fcc-bbff 3
jig-bbff 0
dbh-bbff 0
ihi-bbff 1
bdjd-bbff 3
hg-bbff 0
1147
4
fea-bbfg 0
eee-bbfg 0
bcjh-bbfg 0
bfee-bbfg 8
1148
3
efd-bbfh 0
gec-bbfh 1
bbjg-bbfh 8
1149
3
bbej-bbfi 8
bace-bbfi 0
bfhb-bbfi 1
1150
5
babh-bbfj 0
cbc-bbfj 1
ifc-bbfj 7
cje-bbfj 0
1151
2
jbc-bbga 8
eji-bbga 1
1152
4
iic-bbgb 0
jff-bbgb 0
hi-bbgb 7
hgd-bbgb 1
1153
1
bafa-bbgc 10
1154
2
bgag-bbgd 10
1155
5
ddd-bbge 0
eb-bbge 4
bbff-bbge 4
ihg-bbge 0
1156
1
fcj-bbgf 10
1157
5
bcde-bbgg 2
bdai-bbgg 5
ca-bbgg 0
gfh-bbgg 1
1158
2
bbei-bbgh 10
1159
4
jab-bbgi 0
bdgi-bbgi 0
bfi-bbgi 0
jgi-bbgi 9
1160
4
bbcj-bbgj 0
hjc-bbgj 0
eah-bbgj 4
bejh-bbgj 4
1161
2
fbe-bbha 1
begi-bbha 8
1162
2
djd-bbhb 0
iec-bbhb 9
1163
3
jdi-bbhc 0
cbh-bbhc 8
bca-bbhc 0
1164
4
ece-bbhd 0
bced-bbhd 1
j-bbhd 4
bdb-bbhd 3
1165
4
fh-bbhe 0
gfe-bbhe 0
bbgb-bbhe 7
id-bbhe 1
1166
3
dia-bbhf 9
baif-bbhf 0
bfec-bbhf 0
1167
4
bcjf-bbhh 0
beee-bbhh 9
1168
3
hgi-bbhi 8
bfge-bbhi 1
1169
1
c-bbhj 10
1170
3
ij-bbia 1
ei-bbia 4
edb-bbia 4
1171
2
bdi-bbib 10
1172
3
iab-bbic 9
befc-bbic 0
1173
1
bbdd-bbid 10
1174
3
def-bbie 6
dee-bbie 3
bbhj-bbie 0
1175
2
bij-bbif 1
dcj-bbif 9
1176
1
cig-bbig 10
1177
2
bfd-bbih 0
gc-bbih 9
1178
2
jhc-bbii 0
bfgf-bbii 9
1179
4
beci-bbij 0
bbdf-bbij 9
cdd-bbij 0
1180
2
bacb-bbja 1
fec-bbja 8
1181
2
gje-bbjb 2
ffj-bbjb 7
1182
3
bbha-bbjc 0
ii-bbjc 9
1183
1
jig-bbjd 10
1184
1
cbd-bbje 10
1185
4
dji-bbjf 0
fcj-bbjf 0
jbg-bbjf 2
haj-bbjf 7
1186
3
hjb-bbjg 0
bagj-bbjg 8
bbfe-bbjg 1
1187
2
jih-bbjh 1
bcjb-bbjh 8
1188
3
bch-bbji 3
hhi-bbji 4
ijh-bbji 2
1189
1
cig-bbjj 10
1190
2
bbie-bcaa 0
bgb-bcaa 9
1191
5
jjj-bcab 2
dfi-bcab 1
bchi-bcab 3
gce-bcab 4
1192
3
fa-bcac 7
hac-bcac 1
had-bcac 0
1193
4
hcd-bcad 0
bdf-bcad 3
bgcb-bcad 6
1194
2
ibg-bcae 7
bdaj-bcae 2
1195
3
jh-bcaf 0
bbha-bcaf 2
bcda-bcaf 7
1196
2
babb-bcag 0
bgch-bcag 9
1197
2
eed-bcah 10
1198
2
bbcj-bcai 10
1199
1
bbji-bcaj 10
1200
2
ejb-bcba 6
gfc-bcba 3
1201
3
hag-bcbb 0
bdbj-bcbb 4
die-bcbb 5
1202
5
bbai-bcbc 0
bcij-bcbc 0
dbe-bcbc 1
bafj-bcbc 6
ef-bcbc 0
1203
1
baca-bcbd 10
1204
2
gda-bcbe 3
bdd-bcbe 6
1205
2
igc-bcbf 4
bged-bcbf 5
1206
3
iea-bcbg 8
behc-bcbg 1
dbh-bcbg 0
1207
3
jcf-bcbi 1
jdd-bcbi 7
bfcf-bcbi 1
1208
3
hgc-bcbj 2
bcch-bcbj 1
hjj-bcbj 6
1209
5
fb-bcca 0
bdhj-bcca 0
jfe-bcca 9
behj-bcca 0
1210
3
bcag-bccb 0
egb-bccb 4
cid-bccb 5
1211
3
ced-bccd 0
behg-bccd 3
bfed-bccd 6
1212
2
eci-bcce 7
iib-bcce 2
1213
3
bajb-bccf 0
bfhd-bccf 9
1214
2
badf-bccg 2
begg-bccg 7
1215
1
hjg-bcch 10
1216
2
hjd-bcci 9
bcae-bcci 0
1217
6
hci-bccj 2
dci-bccj 0
cfg-bccj 1
gbe-bccj 5
bg-bccj 0
1218
3
dh-bcda 7
beii-bcda 0
ijd-bcda 2
1219
3
baci-bcdb 0
bddd-bcdb 0
bbeb-bcdb 9
1220
5
ghb-bcdc 0
bfga-bcdc 0
bcj-bcdc 0
bccd-bcdc 8
1221
4
bbfh-bcdd 1
bagh-bcdd 6
bdid-bcdd 1
1222
5
gic-bcde 1
cba-bcde 1
baji-bcde 3
bcha-bcde 0
beje-bcde 3
1223
2
bbef-bcdf 10
1224
3
jje-bcdg 1
chc-bcdg 2
hjc-bcdg 6
1225
2
faf-bcdh 8
bchf-bcdh 1
1226
4
cfg-bcdi 6
becb-bcdi 0
hee-bcdi 3
1227
1
fdb-bcdj 10
1228
2
becb-bcea 10
1229
2
idj-bceb 10
1230
1
dgj-bcec 10
1231
2
bcjd-bced 10
1232
6
gdf-bcee 1
ejh-bcee 1
bdca-bcee 0
bdja-bcee 2
ffd-bcee 2
iai-bcee 1
1233
2
fbj-bcef 9
fbb-bcef 0
1234
1
cca-bceg 10
1235
4
bge-bceh 0
bbdf-bceh 3
bdae-bceh 5
fab-bceh 0
1236
1
bci-bcei 10
1237
3
jfh-bcej 6
ef-bcej 0
gif-bcej 2
1238
2
djh-bcfa 0
jfh-bcfa 9
1239
2
cig-bcfc 10
1240
3
jeh-bcfd 0
beie-bcfd 0
idg-bcfd 9
1241
2
jh-bcfe 10
1242
4
ddd-bcff 0
hfh-bcff 1
iie-bcff 1
begg-bcff 5
1243
2
fjj-bcfg 9
bcje-bcfg 0
1244
1
egd-bcfh 10
1245
1
ihe-bcfi 10
1246
4
jii-bcfj 0
cig-bcfj 0
bchb-bcfj 8
ibc-bcfj 0
1247
1
ghc-bcga 10
1248
2
eai-bcgb 7
jae-bcgb 2
1249
2
bahc-bcgc 0
beih-bcgc 9
1250
2
gba-bcgd 10
1251
3
baih-bcge 7
bgh-bcge 2
1252
1
bbga-bcgf 10
1253
3
beej-bcgg 0
bfhf-bcgg 9
1254
2
cbj-bcgh 1
bdjg-bcgh 8
1255
4
bfh-bcgi 0
hce-bcgi 4
bge-bcgi 1
fca-bcgi 4
1256
4
bdbg-bcgj 3
beae-bcgj 5
bfci-bcgj 1
1257
2
dgg-bcha 2
deh-bcha 7
1258
2
hhd-bchb 1
bdfj-bchb 8
1259
2
bdb-bchc 0
cej-bchc 9
1260
2
jbd-bchd 5
bdaf-bchd 4
1261
2
gcd-bche 5
becg-bche 5
1262
2
hdj-bchf 1
bfag-bchf 8
1263
4
hhj-bchg 1
hga-bchg 2
idc-bchg 0
bebi-bchg 5
1264
5
cjb-bchh 0
bcjb-bchh 0
bcjj-bchh 5
bbij-bchh 1
hhi-bchh 1
1265
2
bcdj-bchi 5
ifh-bchi 4
1266
3
jcd-bchj 10
1267
5
hid-bcia 0
hhg-bcia 0
ibc-bcia 0
baid-bcia 0
bgec-bcia 7
1268
5
bdcc-bcib 0
bje-bcib 4
bfgd-bcib 4
dde-bcib 1
1269
3
bbgh-bcie 0
eic-bcie 9
1270
2
jhh-bcif 1
bdjb-bcif 8
1271
1
fae-bcig 10
1272
1
cae-bcih 10
1273
3
cga-bcii 3
bafh-bcii 1
jeh-bcii 5
1274
1
ebd-bcij 10
1275
4
ica-bcja 0
hhd-bcja 5
bbfi-bcja 3
1276
2
bcaa-bcjb 3
dba-bcjb 6
1277
3
bbdg-bcjc 5
bbaf-bcjc 5
1278
1
hdf-bcjd 10
1279
1
bbfh-bcje 10
1280
4
dde-bcjf 3
fda-bcjf 0
bdjc-bcjf 5
bedc-bcjf 1
1281
2
jce-bcjg 1
eii-bcjg 8
1282
1
dch-bcjh 10
1283
2
ida-bcji 9
dg-bcji 1
1284
2
fig-bcjj 3
bfgi-bcjj 6
1285
4
eba-bdaa 0
gcj-bdaa 1
edh-bdaa 7
1286
2
iji-bdab 5
bdib-bdab 4
1287
2
gba-bdac 4
cgb-bdac 5
1288
3
dja-bdad 3
ch-bdad 5
jdi-bdad 0
1289
2
bbif-bdae 4
bahi-bdae 5
1290
1
ga-bdaf 10
1291
1
badg-bdag 10
1292
3
ibd-bdah 6
beeg-bdah 3
1293
2
bajh-bdai 3
baij-bdai 6
1294
2
je-bdaj 4
hed-bdaj 5
1295
1
bbch-bdba 10
1296
1
jeh-bdbb 10
1297
1
bcgf-bdbc 10
1298
1
hh-bdbe 10
1299
1
hf-bdbf 10
1300
3
hdj-bdbg 3
ddc-bdbg 3
bfii-bdbg 3
1301
1
jhg-bdbh 10
1302
3
dbc-bdbi 7
bfbc-bdbi 2
1303
4
bbci-bdbj 0
jfa-bdbj 3
dhe-bdbj 1
gid-bdbj 4
1304
1
fej-bdca 10
1305
2
cii-bdcb 2
ibj-bdcb 7
1306
3
iig-bdcc 1
bdhf-bdcc 8
1307
2
bbcb-bdcd 4
bdgd-bdcd 5
1308
1
jfc-bdce 10
1309
1
faa-bdcf 10
1310
1
bce-bdcg 10
1311
2
hgc-bdch 6
cac-bdch 3
1312
2
efh-bdci 7
ci-bdci 2
1313
2
feb-bdcj 4
jjc-bdcj 5
1314
2
efh-bdda 8
bebj-bdda 1
1315
1
bbbg-bddb 10
1316
2
bcbf-bddd 6
daa-bddd 3
1317
2
jif-bdde 8
bid-bdde 1
1318
3
gig-bddf 0
bbbg-bddf 3
bbcc-bddf 5
1319
2
badj-bddg 10
1320
2
bffa-bddh 10
1321
1
fjg-bddi 10
1322
3
bcaf-bddj 4
bj-bddj 0
bbbe-bddj 5
1323
1
dc-bdea 10
1324
2
jaf-bdeb 3
bdif-bdeb 6
1325
4
ida-bdec 0
cca-bdec 0
bfeg-bdec 0
bfaf-bdec 9
1326
2
bbbi-bded 0
befd-bded 9
1327
3
bcie-bdee 2
gii-bdee 6
cgc-bdee 1
1328
2
hbe-bdef 8
bbeg-bdef 1
1329
3
hdh-bdeg 3
iai-bdeg 2
bgfb-bdeg 4
1330
2
cfc-bdeh 7
ecj-bdeh 2
1331
1
bccd-bdei 10
1332
2
jag-bdej 5
bfaa-bdej 4
1333
3
jjf-bdfa 0
hdb-bdfa 5
bje-bdfa 3
1334
2
icf-bdfb 0
ijg-bdfb 9
1335
2
hdc-bdfc 10
1336
2
bec-bdfd 8
efb-bdfd 1
1337
2
gdf-bdfe 6
bfeg-bdfe 3
1338
1
jga-bdff 10
1339
2
bib-bdfg 0
bdic-bdfg 9
1340
2
bacc-bdfh 7
bege-bdfh 2
1341
2
jcf-bdfi 0
becc-bdfi 9
1342
4
bbjf-bdfj 2
hae-bdfj 7
1343
4
ihf-bdga 5
begc-bdga 0
ehh-bdga 1
bafa-bdga 2
1344
3
hig-bdgb 0
fca-bdgb 0
bead-bdgb 9
1345
2
bcbd-bdgc 0
eba-bdgc 9
1346
2
gga-bdgd 0
gbc-bdgd 9
1347
1
baej-bdge 10
1348
3
bfbe-bdgf 8
fcc-bdgf 1
1349
1
fbh-bdgg 10
1350
3
ghj-bdgh 6
eea-bdgh 3
1351
2
bdj-bdgi 5
bdjb-bdgi 4
1352
2
hhh-bdgj 2
bgdi-bdgj 8
1353
4
gfj-bdha 1
daj-bdha 2
behi-bdha 5
1354
3
hbh-bdhb 9
haf-bdhb 0
1355
2
jei-bdhc 0
bahg-bdhc 9
1356
2
bcbg-bdhd 7
bae-bdhd 2
1357
4
bagb-bdhe 8
jjj-bdhe 1
baia-bdhe 0
ecc-bdhe 0
1358
2
bcdh-bdhf 0
bfae-bdhf 9
1359
1
efd-bdhg 10
1360
2
bdfd-bdhh 10
1361
3
ihe-bdhi 0
ccf-bdhi 8
hb-bdhi 0
1362
1
iah-bdhj 10
1363
2
jgg-bdia 6
bgff-bdia 3
1364
1
bcfi-bdib 10
1365
1
hhg-bdic 10
1366
1
beh-bdid 10
1367
1
igc-bdie 10
1368
2
fgc-bdif 6
f-bdif 3
1369
3
bajc-bdig 0
bdge-bdig 9
1370
2
ijf-bdih 10
1371
2
cch-bdii 9
fbg-bdii 0
1372
1
fbg-bdij 10
1373
2
bbhb-bdja 9
bdeb-bdja 0
1374
1
bchd-bdjb 10
1375
2
ifh-bdjc 4
bfbb-bdjc 6
1376
1
eca-bdjd 10
1377
3
bacj-bdje 8
cge-bdje 0
bbjb-bdje 0
1378
1
jig-bdjf 10
1379
1
bdef-bdjg 10
1380
2
baj-bdjh 1
bfdf-bdjh 8
1381
2
egb-bdji 10
1382
2
cb-bdjj 0
bccf-bdjj 9
1383
2
bcfj-beaa 5
eeb-beaa 4
1384
2
baai-beab 4
bdde-beab 5
1385
2
bib-bead 8
bafg-bead 1
1386
1
bdch-beae 10
1387
1
geb-beaf 10
1388
1
cci-beag 10
1389
3
jie-beah 0
bche-beah 1
bgfc-beah 7
1390
1
ida-beai 10
1391
2
bcea-beaj 0
dea-beaj 9
1392
3
bbf-beba 6
bbcb-beba 2
bfg-beba 0
1393
1
bgf-bebb 10
1394
1
bbah-bebc 10
1395
2
babc-bebd 0
bejj-bebd 9
1396
1
bccd-bebe 10
1397
2
bbfj-bebf 9
ghb-bebf 0
1398
2
idj-bebg 10
1399
2
bbgc-bebh 5
dag-bebh 5
1400
1
fad-bebi 10
1401
1
bbec-bebj 10
1402
2
ddg-beca 3
jjf-beca 6
1403
3
jed-becb 0
bcg-becb 1
bfbj-becb 8
1404
2
bcc-becc 1
haf-becc 8
1405
2
fba-becd 3
bbii-becd 6
1406
1
fii-bece 10
1407
2
hce-becf 8
fed-becf 2
1408
1
bagi-becg 10
1409
1
dfj-bech 10
1410
1
bbgj-beci 10
1411
2
bdbi-becj 0
hec-becj 9
1412
3
bc-beda 0
bfhh-beda 5
cbd-beda 4
1413
1
bebd-bedb 10
1414
2
baic-bedc 1
bfaj-bedc 8
1415
1
ceg-bedd 10
1416
2
bbda-bede 9
hf-bede 0
1417
2
ebh-bedf 9
djf-bedf 0
1418
4
jbg-bedg 10
1419
3
baha-bedh 4
bgai-bedh 5
1420
2
iib-bedi 9
bfba-bedi 0
1421
1
igd-bedj 10
1422
4
hcf-beeb 8
bbee-beeb 1
1423
1
jba-beec 10
1424
4
dgj-beed 0
becd-beed 6
bfih-beed 3
1425
2
hhc-beee 1
eff-beee 8
1426
2
hhf-beef 0
icf-beef 9
1427
3
he-beeg 3
bdeb-beeg 6
befc-beeg 0
1428
1
bdgc-beeh 10
1429
1
bdcg-beei 10
1430
2
cge-beej 10
1431
4
cbc-befa 8
ebe-befa 1
1432
1
babd-befb 10
1433
1
bchf-befc 10
1434
3
iia-befd 6
chj-befd 0
dci-befd 2
1435
1
fif-befe 10
1436
2
hc-beff 0
fid-beff 9
1437
1
bah-befg 10
1438
1
heh-befh 10
1439
1
bahf-befi 10
1440
1
bdgc-befj 10
1441
1
gca-bega 10
1442
1
iie-begb 10
1443
2
ghf-begc 4
bgad-begc 5
1444
1
bdgi-begd 10
1445
2
babb-bege 6
bdci-bege 3
1446
2
ifb-begg 8
bfai-begg 2
1447
1
eac-begh 10
1448
1
cff-begi 10
1449
2
bbfb-begj 9
eef-begj 0
1450
3
bebd-beha 0
hcj-beha 7
cji-beha 2
1451
2
bfdh-behb 10
1452
1
ifa-behc 10
1453
1
eda-behd 10
1454
3
baja-behe 1
ihd-behe 1
bgaa-behe 6
1455
1
hdf-behf 10
1456
1
iei-behg 10
1457
1
bcgg-behh 10
1458
2
bjh-behi 1
bgde-behi 8
1459
3
dcd-behj 3
ihb-behj 1
dbd-behj 5
1460
1
ffd-beia 10
1461
1
bdaj-beib 10
1462
3
bbb-beic 1
ec-beic 1
dg-beic 8
1463
2
bdje-beid 2
iai-beid 7
1464
3
hfb-beif 0
cii-beif 0
gab-beif 9
1465
2
bedd-beig 6
baf-beig 3
1466
2
dcc-beih 1
ijd-beih 8
1467
1
cbe-beii 10
1468
3
che-beij 0
bah-beij 9
1469
1
cid-beja 10
1470
1
bace-bejb 10
1471
1
badc-bejd 10
1472
1
baag-beje 10
1473
1
jhi-bejf 10
1474
2
cha-bejg 1
bcag-bejg 8
1475
1
bdaa-bejh 10
1476
2
ifa-beji 3
dcf-beji 7
1477
1
cdg-bejj 10
1478
2
bhf-bfaa 3
ccd-bfaa 6
1479
1
fbi-bfab 10
1480
1
jhc-bfad 10
1481
3
ecc-bfae 4
bfah-bfae 4
bai-bfae 0
1482
2
hbb-bfaf 0
bedh-bfaf 9
1483
2
jai-bfag 9
bdad-bfag 0
1484
1
jbf-bfah 10
1485
1
bcaj-bfai 10
1486
1
bcjd-bfaj 10
1487
1
bdgg-bfba 10
1488
1
hda-bfbb 10
1489
1
ijd-bfbc 10
1490
3
fia-bfbd 5
bbjd-bfbd 0
dcg-bfbd 3
1491
1
behh-bfbe 10
1492
2
efe-bfbf 6
bdga-bfbf 3
1493
1
hih-bfbg 10
1494
1
jjc-bfbi 10
1495
1
beif-bfbj 10
1496
1
ghc-bfca 10
1497
3
bbba-bfcb 2
gfa-bfcb 0
gaj-bfcb 7
1498
1
gga-bfcc 10
1499
3
ggc-bfcd 0
bdbj-bfcd 5
bcdc-bfcd 4
1500
1
jh-bfce 10
1501
1
bca-bfcf 10
1502
3
cjc-bfcg 6
bfgg-bfcg 0
bgdj-bfcg 2
1503
1
bafe-bfch 10
1504
1
fjb-bfci 10
1505
2
dif-bfcj 5
gh-bfcj 4
1506
2
baai-bfda 9
bgce-bfda 0
1507
1
iih-bfdb 10
1508
1
bfbc-bfdc 10
1509
1
jgf-bfde 10
1510
1
ddf-bfdf 10
1511
1
bdfi-bfdg 10
1512
1
bdec-bfdh 10
1513
2
ihc-bfdi 1
fgc-bfdi 8
1514
2
bddd-bfdj 8
dgg-bfdj 1
1515
1
jdg-bfea 10
1516
1
ggf-bfeb 10
1517
2
bdge-bfec 3
edg-bfec 6
1518
2
iia-bfed 5
iea-bfed 4
1519
2
dae-bfee 4
fhi-bfee 5
1520
4
ied-bfef 6
bgaf-bfef 0
faa-bfef 1
bgda-bfef 0
1521
1
dfb-bfeg 10
1522
1
fdc-bfeh 10
1523
1
cbf-bfei 10
1524
1
bdia-bfej 10
1525
1
iab-bffa 10
1526
1
bda-bffb 10
1527
1
iai-bffc 10
1528
1
egi-bffd 10
1529
1
becg-bfff 10
1530
1
gci-bffg 10
1531
1
ghi-bffh 10
1532
1
ed-bffi 10
1533
1
eda-bffj 10
1534
2
dcg-bfga 5
bfj-bfga 5
1535
2
beif-bfgb 9
bcfj-bfgb 0
1536
1
bdac-bfgc 10
1537
1
ihj-bfgd 10
1538
1
chj-bfge 10
1539
2
eig-bfgf 0
bgga-bfgf 9
1540
1
ec-bfgg 10
1541
1
bbie-bfgh 10
1542
3
fea-bfgi 0
bgee-bfgi 0
bgej-bfgi 8
1543
1
cga-bfha 10
1544
1
bhg-bfhb 10
1545
1
dgd-bfhc 10
1546
1
bdgb-bfhd 10
1547
1
bfi-bfhe 10
1548
2
jjj-bfhf 9
ded-bfhf 0
1549
2
ibi-bfhg 1
bfhi-bfhg 8
1550
1
ibh-bfhh 10
1551
1
ice-bfhi 10
1552
2
gih-bfhj 1
bejj-bfhj 8
1553
1
df-bfia 10
1554
1
bdca-bfib 10
1555
2
igc-bfic 5
bgfg-bfic 4
1556
1
hfa-bfid 10
1557
1
ceh-bfie 10
1558
2
dfi-bfif 9
caa-bfif 0
1559
1
cif-bfih 10
1560
2
edc-bfii 2
hjg-bfii 7
1561
1
gih-bfij 10
1562
1
bie-bfja 10
1563
1
icj-bfjb 10
1564
1
bej-bfjc 10
1565
1
bajd-bfjd 10
1566
1
bfba-bfje 10
1567
1
cdg-bfjf 10
1568
1
bdej-bfjg 10
1569
1
bcga-bfjh 10
1570
1
hhg-bfjj 10
1571
1
bcdd-bgaa 10
1572
1
fga-bgab 10
1573
1
babg-bgac 10
1574
1
bdba-bgad 10
1575
1
bajd-bgae 10
1576
1
beab-bgaf 10
1577
1
bed-bgag 10
1578
1
bdhi-bgah 10
1579
1
baji-bgai 10
1580
1
egb-bgaj 10
1581
1
ddd-bgba 10
1582
1
dib-bgbb 10
1583
1
bba-bgbc 10
1584
2
bfb-bgbd 2
bfje-bgbd 7
1585
1
bfhe-bgbe 10
1586
1
bbfa-bgbf 10
1587
1
dff-bgbg 10
1588
2
ece-bgbh 2
bgfh-bgbh 7
1589
1
bfjc-bgbi 10
1590
1
cbj-bgbj 10
1591
1
hjh-bgca 10
1592
1
icd-bgcb 10
1593
2
dga-bgcc 9
bdbe-bgcc 0
1594
1
bacd-bgce 10
1595
1
cib-bgcf 10
1596
1
cba-bgcg 10
1597
1
cga-bgch 10
1598
2
hje-bgci 8
bda-bgci 1
1599
1
beeg-bgcj 10
1600
1
bcai-bgda 10
1601
1
jdd-bgdb 10
1602
1
gbb-bgdc 10
1603
3
bhf-bgdd 0
ede-bgdd 9
bffd-bgdd 0
1604
1
beic-bgde 10
1605
1
bbia-bgdf 10
1606
1
baf-bgdg 10
1607
1
hhh-bgdh 10
1608
2
jdi-bgdi 1
bach-bgdi 8
1609
1
jdb-bgdj 10
1610
1
bcia-bgea 10
1611
1
ega-bgeb 10
1612
2
bacg-bgec 3
djd-bgec 6
1613
1
behi-bged 10
1614
1
hjf-bgee 10
1615
1
fed-bgef 10
1616
1
baca-bgeg 10
1617
1
bece-bgeh 10
1618
1
bgca-bgei 10
1619
1
jej-bgej 10
1620
1
bddj-bgfa 10
1621
1
bhh-bgfb 10
1622
1
bfjg-bgfc 10
1623
2
gif-bgfd 9
ddb-bgfd 0
1624
1
bfcf-bgfe 10
1625
1
bcgh-bgff 10
1626
1
bce-bgfg 10
1627
1
bgbi-bgfh 10
1628
1
bie-bgfi 10
1629
1
eef-bgfj 10
1630
1
bdhi-bgga 10
1631
1
bdhg-bggb 10
